<?xml version="1.0" encoding="UTF-8"?>
<!-- Generated by org.testng.reporters.JUnitXMLReporter -->
<testsuite ignored="0" hostname="DESKTOP-2SA0BMJ" failures="3" tests="17" name="ChromeTest" time="72.102" errors="0" timestamp="2024-10-12T20:16:03 CEST">
  <testcase classname="tests.LoginTest" name="@BeforeMethod setUp" time="7.367">
    <failure type="org.openqa.selenium.NoSuchElementException" message="Unable to locate element: //button[text()=&amp;apos;Slažem se&amp;apos;]
For documentation on this error, please visit: https://www.selenium.dev/documentation/webdriver/troubleshooting/errors#no-such-element-exception
Build info: version: &amp;apos;4.25.0&amp;apos;, revision: &amp;apos;8a8aea2337&amp;apos;
System info: os.name: &amp;apos;Windows 10&amp;apos;, os.arch: &amp;apos;amd64&amp;apos;, os.version: &amp;apos;10.0&amp;apos;, java.version: &amp;apos;17.0.10&amp;apos;
Driver info: org.openqa.selenium.firefox.FirefoxDriver
Command: [c9a5b69c-80e2-4daa-b7f8-3a6ace62c746, findElement {value=//button[text()=&amp;apos;Slažem se&amp;apos;], using=xpath}]
Capabilities {acceptInsecureCerts: true, browserName: firefox, browserVersion: 121.0.1, moz:accessibilityChecks: false, moz:buildID: 20240108143603, moz:debuggerAddress: 127.0.0.1:28870, moz:geckodriverVersion: 0.35.0, moz:headless: false, moz:platformVersion: 10.0, moz:processID: 25636, moz:profile: C:\Users\Admin\AppData\Loca..., moz:shutdownTimeout: 60000, moz:webdriverClick: true, moz:windowless: false, pageLoadStrategy: normal, platformName: windows, proxy: Proxy(), se:cdp: ws://127.0.0.1:28870/devtoo..., se:cdpVersion: 85.0, setWindowRect: true, strictFileInteractability: false, timeouts: {implicit: 0, pageLoad: 300000, script: 30000}, unhandledPromptBehavior: dismiss and notify}
Session ID: c9a5b69c-80e2-4daa-b7f8-3a6ace62c746">
      <![CDATA[org.openqa.selenium.NoSuchElementException: Unable to locate element: //button[text()='Slažem se']
For documentation on this error, please visit: https://www.selenium.dev/documentation/webdriver/troubleshooting/errors#no-such-element-exception
Build info: version: '4.25.0', revision: '8a8aea2337'
System info: os.name: 'Windows 10', os.arch: 'amd64', os.version: '10.0', java.version: '17.0.10'
Driver info: org.openqa.selenium.firefox.FirefoxDriver
Command: [c9a5b69c-80e2-4daa-b7f8-3a6ace62c746, findElement {value=//button[text()='Slažem se'], using=xpath}]
Capabilities {acceptInsecureCerts: true, browserName: firefox, browserVersion: 121.0.1, moz:accessibilityChecks: false, moz:buildID: 20240108143603, moz:debuggerAddress: 127.0.0.1:28870, moz:geckodriverVersion: 0.35.0, moz:headless: false, moz:platformVersion: 10.0, moz:processID: 25636, moz:profile: C:\Users\Admin\AppData\Loca..., moz:shutdownTimeout: 60000, moz:webdriverClick: true, moz:windowless: false, pageLoadStrategy: normal, platformName: windows, proxy: Proxy(), se:cdp: ws://127.0.0.1:28870/devtoo..., se:cdpVersion: 85.0, setWindowRect: true, strictFileInteractability: false, timeouts: {implicit: 0, pageLoad: 300000, script: 30000}, unhandledPromptBehavior: dismiss and notify}
Session ID: c9a5b69c-80e2-4daa-b7f8-3a6ace62c746
at org.openqa.selenium.remote.ErrorCodec.decode(ErrorCodec.java:167)
at org.openqa.selenium.remote.codec.w3c.W3CHttpResponseCodec.decode(W3CHttpResponseCodec.java:138)
at org.openqa.selenium.remote.codec.w3c.W3CHttpResponseCodec.decode(W3CHttpResponseCodec.java:50)
at org.openqa.selenium.remote.HttpCommandExecutor.execute(HttpCommandExecutor.java:190)
at org.openqa.selenium.remote.service.DriverCommandExecutor.invokeExecute(DriverCommandExecutor.java:216)
at org.openqa.selenium.remote.service.DriverCommandExecutor.execute(DriverCommandExecutor.java:174)
at org.openqa.selenium.remote.RemoteWebDriver.execute(RemoteWebDriver.java:545)
at org.openqa.selenium.remote.ElementLocation$ElementFinder$2.findElement(ElementLocation.java:165)
at org.openqa.selenium.remote.ElementLocation.findElement(ElementLocation.java:59)
at org.openqa.selenium.remote.RemoteWebDriver.findElement(RemoteWebDriver.java:368)
at org.openqa.selenium.remote.RemoteWebDriver.findElement(RemoteWebDriver.java:362)
at org.openqa.selenium.support.pagefactory.DefaultElementLocator.findElement(DefaultElementLocator.java:68)
at org.openqa.selenium.support.pagefactory.internal.LocatingElementHandler.invoke(LocatingElementHandler.java:38)
at jdk.proxy2/jdk.proxy2.$Proxy16.click(Unknown Source)
at dragan.stojilkovic.Pages.LoginPage.acceptCookies(LoginPage.java:92)
at tests.LoginTest.setUp(LoginTest.java:45)
at java.base/java.util.ArrayList.forEach(ArrayList.java:1511)
at java.base/java.util.concurrent.FutureTask.run(FutureTask.java:264)
at java.base/java.util.concurrent.ThreadPoolExecutor.runWorker(ThreadPoolExecutor.java:1136)
at java.base/java.util.concurrent.ThreadPoolExecutor$Worker.run(ThreadPoolExecutor.java:635)
at java.base/java.lang.Thread.run(Thread.java:842)
... Removed 27 stack frames]]>
    </failure>
  </testcase> <!-- @BeforeMethod setUp -->
  <testcase classname="tests.LoginTest" name="@AfterMethod tearDown" time="-1.728756899374E9">
    <skipped/>
  </testcase> <!-- @AfterMethod tearDown -->
  <testcase classname="tests.LoginTest" name="@BeforeMethod setUp" time="-1.728756899378E9">
    <skipped/>
  </testcase> <!-- @BeforeMethod setUp -->
  <testcase classname="tests.LoginTest" name="@AfterMethod tearDown" time="-1.728756899387E9">
    <skipped/>
  </testcase> <!-- @AfterMethod tearDown -->
  <testcase classname="tests.LoginTest" name="@BeforeMethod setUp" time="-1.728756899388E9">
    <skipped/>
  </testcase> <!-- @BeforeMethod setUp -->
  <testcase classname="tests.LoginTest" name="@AfterMethod tearDown" time="-1.728756899396E9">
    <skipped/>
  </testcase> <!-- @AfterMethod tearDown -->
  <testcase classname="tests.LoginTest" name="@BeforeMethod setUp" time="-1.728756899402E9">
    <skipped/>
  </testcase> <!-- @BeforeMethod setUp -->
  <testcase classname="tests.LoginTest" name="@AfterMethod tearDown" time="-1.728756899414E9">
    <skipped/>
  </testcase> <!-- @AfterMethod tearDown -->
  <testcase classname="tests.LoginTest" name="@BeforeMethod setUp" time="-1.728756899418E9">
    <skipped/>
  </testcase> <!-- @BeforeMethod setUp -->
  <testcase classname="tests.LoginTest" name="@AfterMethod tearDown" time="-1.728756899438E9">
    <skipped/>
  </testcase> <!-- @AfterMethod tearDown -->
  <testcase classname="tests.LoginTest" name="@BeforeMethod setUp" time="-1.728756899447E9">
    <skipped/>
  </testcase> <!-- @BeforeMethod setUp -->
  <testcase classname="tests.LoginTest" name="@AfterMethod tearDown" time="-1.728756899457E9">
    <skipped/>
  </testcase> <!-- @AfterMethod tearDown -->
  <testcase classname="tests.LoginTest" name="@BeforeMethod setUp" time="-1.728756899465E9">
    <skipped/>
  </testcase> <!-- @BeforeMethod setUp -->
  <testcase classname="tests.LoginTest" name="@AfterMethod tearDown" time="-1.728756899472E9">
    <skipped/>
  </testcase> <!-- @AfterMethod tearDown -->
  <testcase classname="tests.LoginTest" name="@BeforeMethod setUp" time="-1.728756899474E9">
    <skipped/>
  </testcase> <!-- @BeforeMethod setUp -->
  <testcase classname="tests.LoginTest" name="@AfterMethod tearDown" time="-1.728756899484E9">
    <skipped/>
  </testcase> <!-- @AfterMethod tearDown -->
  <testcase classname="tests.LoginTest" name="@BeforeMethod setUp" time="-1.728756899487E9">
    <skipped/>
  </testcase> <!-- @BeforeMethod setUp -->
  <testcase classname="tests.LoginTest" name="@AfterMethod tearDown" time="-1.728756899492E9">
    <skipped/>
  </testcase> <!-- @AfterMethod tearDown -->
  <testcase classname="tests.LoginTest" name="@BeforeMethod setUp" time="-1.728756899495E9">
    <skipped/>
  </testcase> <!-- @BeforeMethod setUp -->
  <testcase classname="tests.LoginTest" name="@AfterMethod tearDown" time="-1.728756899502E9">
    <skipped/>
  </testcase> <!-- @AfterMethod tearDown -->
  <testcase classname="tests.LoginTest" name="@BeforeMethod setUp" time="-1.728756899505E9">
    <skipped/>
  </testcase> <!-- @BeforeMethod setUp -->
  <testcase classname="tests.LoginTest" name="@AfterMethod tearDown" time="-1.728756899516E9">
    <skipped/>
  </testcase> <!-- @AfterMethod tearDown -->
  <testcase classname="tests.LoginTest" name="@BeforeMethod setUp" time="-1.728756899521E9">
    <skipped/>
  </testcase> <!-- @BeforeMethod setUp -->
  <testcase classname="tests.LoginTest" name="@AfterMethod tearDown" time="-1.728756899532E9">
    <skipped/>
  </testcase> <!-- @AfterMethod tearDown -->
  <testcase classname="tests.LoginTest" name="@BeforeMethod setUp" time="-1.728756899536E9">
    <skipped/>
  </testcase> <!-- @BeforeMethod setUp -->
  <testcase classname="tests.LoginTest" name="@AfterMethod tearDown" time="-1.728756899542E9">
    <skipped/>
  </testcase> <!-- @AfterMethod tearDown -->
  <testcase classname="tests.LoginTest" name="@BeforeMethod setUp" time="-1.728756899548E9">
    <skipped/>
  </testcase> <!-- @BeforeMethod setUp -->
  <testcase classname="tests.LoginTest" name="@AfterMethod tearDown" time="-1.728756899558E9">
    <skipped/>
  </testcase> <!-- @AfterMethod tearDown -->
  <testcase classname="tests.LoginTest" name="@BeforeMethod setUp" time="-1.728756899561E9">
    <skipped/>
  </testcase> <!-- @BeforeMethod setUp -->
  <testcase classname="tests.LoginTest" name="@AfterMethod tearDown" time="-1.728756899571E9">
    <skipped/>
  </testcase> <!-- @AfterMethod tearDown -->
  <testcase classname="tests.LoginTest" name="@BeforeMethod setUp" time="-1.728756899574E9">
    <skipped/>
  </testcase> <!-- @BeforeMethod setUp -->
  <testcase classname="tests.LoginTest" name="@AfterMethod tearDown" time="-1.728756899583E9">
    <skipped/>
  </testcase> <!-- @AfterMethod tearDown -->
  <testcase classname="tests.LoginTest" name="@BeforeMethod setUp" time="-1.728756899587E9">
    <skipped/>
  </testcase> <!-- @BeforeMethod setUp -->
  <testcase classname="tests.LoginTest" name="@AfterMethod tearDown" time="-1.728756899595E9">
    <skipped/>
  </testcase> <!-- @AfterMethod tearDown -->
  <testcase classname="tests.LoginTest" name="@BeforeMethod setUp" time="2.949">
    <failure type="org.openqa.selenium.NoSuchElementException" message="no such element: Unable to locate element: {&amp;quot;method&amp;quot;:&amp;quot;xpath&amp;quot;,&amp;quot;selector&amp;quot;:&amp;quot;//button[text()=&amp;apos;Slažem se&amp;apos;]&amp;quot;}
  (Session info: chrome=129.0.6668.101)
For documentation on this error, please visit: https://www.selenium.dev/documentation/webdriver/troubleshooting/errors#no-such-element-exception
Build info: version: &amp;apos;4.25.0&amp;apos;, revision: &amp;apos;8a8aea2337&amp;apos;
System info: os.name: &amp;apos;Windows 10&amp;apos;, os.arch: &amp;apos;amd64&amp;apos;, os.version: &amp;apos;10.0&amp;apos;, java.version: &amp;apos;17.0.10&amp;apos;
Driver info: org.openqa.selenium.chrome.ChromeDriver
Command: [f37ce731c43f82e94bd7cd39757bd0d2, findElement {value=//button[text()=&amp;apos;Slažem se&amp;apos;], using=xpath}]
Capabilities {acceptInsecureCerts: false, browserName: chrome, browserVersion: 129.0.6668.101, chrome: {chromedriverVersion: 129.0.6668.100 (cf58cba358d..., userDataDir: C:\Users\Admin\AppData\Loca...}, fedcm:accounts: true, goog:chromeOptions: {debuggerAddress: localhost:57149}, networkConnectionEnabled: false, pageLoadStrategy: normal, platformName: windows, proxy: Proxy(), se:cdp: ws://localhost:57149/devtoo..., se:cdpVersion: 129.0.6668.101, setWindowRect: true, strictFileInteractability: false, timeouts: {implicit: 0, pageLoad: 300000, script: 30000}, unhandledPromptBehavior: dismiss and notify, webauthn:extension:credBlob: true, webauthn:extension:largeBlob: true, webauthn:extension:minPinLength: true, webauthn:extension:prf: true, webauthn:virtualAuthenticators: true}
Session ID: f37ce731c43f82e94bd7cd39757bd0d2">
      <![CDATA[org.openqa.selenium.NoSuchElementException: no such element: Unable to locate element: {"method":"xpath","selector":"//button[text()='Slažem se']"}
  (Session info: chrome=129.0.6668.101)
For documentation on this error, please visit: https://www.selenium.dev/documentation/webdriver/troubleshooting/errors#no-such-element-exception
Build info: version: '4.25.0', revision: '8a8aea2337'
System info: os.name: 'Windows 10', os.arch: 'amd64', os.version: '10.0', java.version: '17.0.10'
Driver info: org.openqa.selenium.chrome.ChromeDriver
Command: [f37ce731c43f82e94bd7cd39757bd0d2, findElement {value=//button[text()='Slažem se'], using=xpath}]
Capabilities {acceptInsecureCerts: false, browserName: chrome, browserVersion: 129.0.6668.101, chrome: {chromedriverVersion: 129.0.6668.100 (cf58cba358d..., userDataDir: C:\Users\Admin\AppData\Loca...}, fedcm:accounts: true, goog:chromeOptions: {debuggerAddress: localhost:57149}, networkConnectionEnabled: false, pageLoadStrategy: normal, platformName: windows, proxy: Proxy(), se:cdp: ws://localhost:57149/devtoo..., se:cdpVersion: 129.0.6668.101, setWindowRect: true, strictFileInteractability: false, timeouts: {implicit: 0, pageLoad: 300000, script: 30000}, unhandledPromptBehavior: dismiss and notify, webauthn:extension:credBlob: true, webauthn:extension:largeBlob: true, webauthn:extension:minPinLength: true, webauthn:extension:prf: true, webauthn:virtualAuthenticators: true}
Session ID: f37ce731c43f82e94bd7cd39757bd0d2
at org.openqa.selenium.remote.ErrorCodec.decode(ErrorCodec.java:167)
at org.openqa.selenium.remote.codec.w3c.W3CHttpResponseCodec.decode(W3CHttpResponseCodec.java:138)
at org.openqa.selenium.remote.codec.w3c.W3CHttpResponseCodec.decode(W3CHttpResponseCodec.java:50)
at org.openqa.selenium.remote.HttpCommandExecutor.execute(HttpCommandExecutor.java:190)
at org.openqa.selenium.remote.service.DriverCommandExecutor.invokeExecute(DriverCommandExecutor.java:216)
at org.openqa.selenium.remote.service.DriverCommandExecutor.execute(DriverCommandExecutor.java:174)
at org.openqa.selenium.remote.RemoteWebDriver.execute(RemoteWebDriver.java:545)
at org.openqa.selenium.remote.ElementLocation$ElementFinder$2.findElement(ElementLocation.java:165)
at org.openqa.selenium.remote.ElementLocation.findElement(ElementLocation.java:59)
at org.openqa.selenium.remote.RemoteWebDriver.findElement(RemoteWebDriver.java:368)
at org.openqa.selenium.remote.RemoteWebDriver.findElement(RemoteWebDriver.java:362)
at org.openqa.selenium.support.pagefactory.DefaultElementLocator.findElement(DefaultElementLocator.java:68)
at org.openqa.selenium.support.pagefactory.internal.LocatingElementHandler.invoke(LocatingElementHandler.java:38)
at jdk.proxy2/jdk.proxy2.$Proxy16.click(Unknown Source)
at dragan.stojilkovic.Pages.LoginPage.acceptCookies(LoginPage.java:92)
at tests.LoginTest.setUp(LoginTest.java:45)
at java.base/java.util.ArrayList.forEach(ArrayList.java:1511)
at java.base/java.util.concurrent.FutureTask.run(FutureTask.java:264)
at java.base/java.util.concurrent.ThreadPoolExecutor.runWorker(ThreadPoolExecutor.java:1136)
at java.base/java.util.concurrent.ThreadPoolExecutor$Worker.run(ThreadPoolExecutor.java:635)
at java.base/java.lang.Thread.run(Thread.java:842)
... Removed 27 stack frames]]>
    </failure>
  </testcase> <!-- @BeforeMethod setUp -->
  <testcase classname="tests.LoginTest" name="@AfterMethod tearDown" time="-1.728756963693E9">
    <skipped/>
  </testcase> <!-- @AfterMethod tearDown -->
  <testcase classname="tests.LoginTest" name="@BeforeMethod setUp" time="-1.728756963695E9">
    <skipped/>
  </testcase> <!-- @BeforeMethod setUp -->
  <testcase classname="tests.LoginTest" name="@AfterMethod tearDown" time="-1.728756963699E9">
    <skipped/>
  </testcase> <!-- @AfterMethod tearDown -->
  <testcase classname="tests.LoginTest" name="@BeforeMethod setUp" time="-1.728756963699E9">
    <skipped/>
  </testcase> <!-- @BeforeMethod setUp -->
  <testcase classname="tests.LoginTest" name="@AfterMethod tearDown" time="-1.728756963702E9">
    <skipped/>
  </testcase> <!-- @AfterMethod tearDown -->
  <testcase classname="tests.LoginTest" name="@BeforeMethod setUp" time="-1.728756963703E9">
    <skipped/>
  </testcase> <!-- @BeforeMethod setUp -->
  <testcase classname="tests.LoginTest" name="@AfterMethod tearDown" time="-1.728756963706E9">
    <skipped/>
  </testcase> <!-- @AfterMethod tearDown -->
  <testcase classname="tests.LoginTest" name="testAccountLockoutAfterFailedAttempts" time="4.23">
    <failure type="java.lang.AssertionError" message="expected [Nalog je zaključan zbog više neuspešnih pokušaja.] but found [Email ili lozinka nisu u redu.]">
      <![CDATA[java.lang.AssertionError: expected [Nalog je zaključan zbog više neuspešnih pokušaja.] but found [Email ili lozinka nisu u redu.]
at tests.LoginTest.testAccountLockoutAfterFailedAttempts(LoginTest.java:196)
at java.base/java.util.ArrayList.forEach(ArrayList.java:1511)
at java.base/java.util.concurrent.FutureTask.run(FutureTask.java:264)
at java.base/java.util.concurrent.ThreadPoolExecutor.runWorker(ThreadPoolExecutor.java:1136)
at java.base/java.util.concurrent.ThreadPoolExecutor$Worker.run(ThreadPoolExecutor.java:635)
at java.base/java.lang.Thread.run(Thread.java:842)
... Removed 24 stack frames]]>
    </failure>
  </testcase> <!-- testAccountLockoutAfterFailedAttempts -->
  <testcase classname="tests.LoginTest" name="testEmptyEmailField" time="0.469"/>
  <testcase classname="tests.LoginTest" name="testEmptyFields" time="0.524"/>
  <testcase classname="tests.LoginTest" name="testForgotPasswordLink" time="0.095">
    <failure type="java.lang.AssertionError" message="expected [https://ananas.rs/zaboravljena-lozinka] but found [https://ananas.rs/login]">
      <![CDATA[java.lang.AssertionError: expected [https://ananas.rs/zaboravljena-lozinka] but found [https://ananas.rs/login]
at tests.LoginTest.testForgotPasswordLink(LoginTest.java:134)
at java.base/java.util.ArrayList.forEach(ArrayList.java:1511)
at java.base/java.util.concurrent.FutureTask.run(FutureTask.java:264)
at java.base/java.util.concurrent.ThreadPoolExecutor.runWorker(ThreadPoolExecutor.java:1136)
at java.base/java.util.concurrent.ThreadPoolExecutor$Worker.run(ThreadPoolExecutor.java:635)
at java.base/java.lang.Thread.run(Thread.java:842)
... Removed 24 stack frames]]>
    </failure>
  </testcase> <!-- testForgotPasswordLink -->
  <testcase classname="tests.LoginTest" name="testInvalidEmailFormat" time="0.874"/>
  <testcase classname="tests.LoginTest" name="testInvalidEmail_MissingAtSymbol" time="0.615"/>
  <testcase classname="tests.LoginTest" name="testInvalidLogin_MixedCredentials" time="1.247"/>
  <testcase classname="tests.LoginTest" name="testInvalidPassword" time="1.966"/>
  <testcase classname="tests.LoginTest" name="testInvalidUsername" time="1.398"/>
  <testcase classname="tests.LoginTest" name="testLoginWithTwoCharName" time="0.621"/>
  <testcase classname="tests.LoginTest" name="testMaxPasswordLength" time="2.409">
    <failure type="java.lang.AssertionError" message="expected [Password too long.] but found [Email ili lozinka nisu u redu.]">
      <![CDATA[java.lang.AssertionError: expected [Password too long.] but found [Email ili lozinka nisu u redu.]
at tests.LoginTest.testMaxPasswordLength(LoginTest.java:145)
at java.base/java.util.ArrayList.forEach(ArrayList.java:1511)
at java.base/java.util.concurrent.FutureTask.run(FutureTask.java:264)
at java.base/java.util.concurrent.ThreadPoolExecutor.runWorker(ThreadPoolExecutor.java:1136)
at java.base/java.util.concurrent.ThreadPoolExecutor$Worker.run(ThreadPoolExecutor.java:635)
at java.base/java.lang.Thread.run(Thread.java:842)
... Removed 24 stack frames]]>
    </failure>
  </testcase> <!-- testMaxPasswordLength -->
  <testcase classname="tests.LoginTest" name="testMinPasswordLength" time="0.516"/>
  <testcase classname="tests.LoginTest" name="testPasswordBoundary_SevenCharacters" time="0.568"/>
  <testcase classname="tests.LoginTest" name="testSQLInjection" time="0.0">
    <skipped/>
  </testcase> <!-- testSQLInjection -->
  <testcase classname="tests.LoginTest" name="testSpecialCharactersInUsername" time="0.0">
    <skipped/>
  </testcase> <!-- testSpecialCharactersInUsername -->
  <testcase classname="tests.LoginTest" name="testValidLogin" time="0.0">
    <skipped/>
  </testcase> <!-- testValidLogin -->
  <testcase classname="tests.LoginTest" name="testXSSInUsername" time="0.0">
    <skipped/>
  </testcase> <!-- testXSSInUsername -->
</testsuite> <!-- ChromeTest -->
