<?xml version="1.0" encoding="UTF-8"?>
<!-- Generated by org.testng.reporters.JUnitXMLReporter -->
<testsuite ignored="0" hostname="DESKTOP-2SA0BMJ" failures="3" tests="19" name="Surefire test" time="104.304" errors="0" timestamp="2024-10-14T12:45:23 CEST">
  <testcase classname="tests.LoginTest" name="testAccountLockoutAfterFailedAttempts" time="4.064">
    <failure type="java.lang.AssertionError" message="expected [Nalog je zaključan zbog više neuspešnih pokušaja.] but found [Email ili lozinka nisu u redu.]">
      <![CDATA[java.lang.AssertionError: expected [Nalog je zaključan zbog više neuspešnih pokušaja.] but found [Email ili lozinka nisu u redu.]
at tests.LoginTest.testAccountLockoutAfterFailedAttempts(LoginTest.java:256)
at java.base/java.util.ArrayList.forEach(ArrayList.java:1511)
... Removed 38 stack frames]]>
    </failure>
  </testcase> <!-- testAccountLockoutAfterFailedAttempts -->
  <testcase classname="tests.LoginTest" name="testEmptyEmailField" time="1.448"/>
  <testcase classname="tests.LoginTest" name="testEmptyFields" time="1.028"/>
  <testcase classname="tests.LoginTest" name="testForgotPasswordLink" time="1.3"/>
  <testcase classname="tests.LoginTest" name="testInvalidEmailFormat" time="1.468"/>
  <testcase classname="tests.LoginTest" name="testInvalidEmailValidPassworld" time="2.059"/>
  <testcase classname="tests.LoginTest" name="testInvalidEmail_MissingAtSymbol" time="2.083"/>
  <testcase classname="tests.LoginTest" name="testInvalidLogin_MixedCredentials" time="1.979"/>
  <testcase classname="tests.LoginTest" name="testInvalidPassword" time="1.998"/>
  <testcase classname="tests.LoginTest" name="testMaxPasswordLength" time="3.037">
    <failure type="java.lang.AssertionError" message="expected [Password too long.] but found [Email ili lozinka nisu u redu.]">
      <![CDATA[java.lang.AssertionError: expected [Password too long.] but found [Email ili lozinka nisu u redu.]
at tests.LoginTest.testMaxPasswordLength(LoginTest.java:205)
at java.base/java.util.ArrayList.forEach(ArrayList.java:1511)
... Removed 38 stack frames]]>
    </failure>
  </testcase> <!-- testMaxPasswordLength -->
  <testcase classname="tests.LoginTest" name="testMinPasswordLength" time="3.013"/>
  <testcase classname="tests.LoginTest" name="testMobileResponsiveDesign" time="4.278">
    <failure type="org.openqa.selenium.ElementClickInterceptedException" message="element click intercepted: Element &amp;lt;button width=&amp;quot;100%&amp;quot; type=&amp;quot;submit&amp;quot; id=&amp;quot;login-submit&amp;quot; class=&amp;quot;sc-1vt7mai-0 ddzlTv&amp;quot;&amp;gt;...&amp;lt;/button&amp;gt; is not clickable at point (241, 443). Other element would receive the click: &amp;lt;img src=&amp;quot;https://qa-ananasrs.sales-snap.com/asset/8:daily-dealpng&amp;quot; alt=&amp;quot;daily deal&amp;quot; style=&amp;quot;width: 100%; margin-top: -23px;&amp;quot;&amp;gt;
  (Session info: chrome=129.0.6668.101)
Build info: version: &amp;apos;4.25.0&amp;apos;, revision: &amp;apos;8a8aea2337&amp;apos;
System info: os.name: &amp;apos;Windows 10&amp;apos;, os.arch: &amp;apos;amd64&amp;apos;, os.version: &amp;apos;10.0&amp;apos;, java.version: &amp;apos;17.0.10&amp;apos;
Driver info: org.openqa.selenium.chrome.ChromeDriver
Command: [edbbcc7a2098a16634a52924d2a38013, clickElement {id=f.9FB51308EA04DEB637D2CCA72A3ADAEA.d.53D42398761597DFA133AE13756A4EE5.e.15}]
Capabilities {acceptInsecureCerts: false, browserName: chrome, browserVersion: 129.0.6668.101, chrome: {chromedriverVersion: 129.0.6668.100 (cf58cba358d..., userDataDir: C:\Users\Admin\AppData\Loca...}, fedcm:accounts: true, goog:chromeOptions: {debuggerAddress: localhost:53287}, networkConnectionEnabled: false, pageLoadStrategy: normal, platformName: windows, proxy: Proxy(), se:cdp: ws://localhost:53287/devtoo..., se:cdpVersion: 129.0.6668.101, setWindowRect: true, strictFileInteractability: false, timeouts: {implicit: 0, pageLoad: 300000, script: 30000}, unhandledPromptBehavior: dismiss and notify, webauthn:extension:credBlob: true, webauthn:extension:largeBlob: true, webauthn:extension:minPinLength: true, webauthn:extension:prf: true, webauthn:virtualAuthenticators: true}
Element: [[ChromeDriver: chrome on windows (edbbcc7a2098a16634a52924d2a38013)] -&amp;gt; xpath: //button[@id=&amp;apos;login-submit&amp;apos;]]
Session ID: edbbcc7a2098a16634a52924d2a38013">
      <![CDATA[org.openqa.selenium.ElementClickInterceptedException: element click intercepted: Element <button width="100%" type="submit" id="login-submit" class="sc-1vt7mai-0 ddzlTv">...</button> is not clickable at point (241, 443). Other element would receive the click: <img src="https://qa-ananasrs.sales-snap.com/asset/8:daily-dealpng" alt="daily deal" style="width: 100%; margin-top: -23px;">
  (Session info: chrome=129.0.6668.101)
Build info: version: '4.25.0', revision: '8a8aea2337'
System info: os.name: 'Windows 10', os.arch: 'amd64', os.version: '10.0', java.version: '17.0.10'
Driver info: org.openqa.selenium.chrome.ChromeDriver
Command: [edbbcc7a2098a16634a52924d2a38013, clickElement {id=f.9FB51308EA04DEB637D2CCA72A3ADAEA.d.53D42398761597DFA133AE13756A4EE5.e.15}]
Capabilities {acceptInsecureCerts: false, browserName: chrome, browserVersion: 129.0.6668.101, chrome: {chromedriverVersion: 129.0.6668.100 (cf58cba358d..., userDataDir: C:\Users\Admin\AppData\Loca...}, fedcm:accounts: true, goog:chromeOptions: {debuggerAddress: localhost:53287}, networkConnectionEnabled: false, pageLoadStrategy: normal, platformName: windows, proxy: Proxy(), se:cdp: ws://localhost:53287/devtoo..., se:cdpVersion: 129.0.6668.101, setWindowRect: true, strictFileInteractability: false, timeouts: {implicit: 0, pageLoad: 300000, script: 30000}, unhandledPromptBehavior: dismiss and notify, webauthn:extension:credBlob: true, webauthn:extension:largeBlob: true, webauthn:extension:minPinLength: true, webauthn:extension:prf: true, webauthn:virtualAuthenticators: true}
Element: [[ChromeDriver: chrome on windows (edbbcc7a2098a16634a52924d2a38013)] -> xpath: //button[@id='login-submit']]
Session ID: edbbcc7a2098a16634a52924d2a38013
at org.openqa.selenium.remote.ErrorCodec.decode(ErrorCodec.java:167)
at org.openqa.selenium.remote.codec.w3c.W3CHttpResponseCodec.decode(W3CHttpResponseCodec.java:138)
at org.openqa.selenium.remote.codec.w3c.W3CHttpResponseCodec.decode(W3CHttpResponseCodec.java:50)
at org.openqa.selenium.remote.HttpCommandExecutor.execute(HttpCommandExecutor.java:190)
at org.openqa.selenium.remote.service.DriverCommandExecutor.invokeExecute(DriverCommandExecutor.java:216)
at org.openqa.selenium.remote.service.DriverCommandExecutor.execute(DriverCommandExecutor.java:174)
at org.openqa.selenium.remote.RemoteWebDriver.execute(RemoteWebDriver.java:545)
at org.openqa.selenium.remote.RemoteWebElement.execute(RemoteWebElement.java:223)
at org.openqa.selenium.remote.RemoteWebElement.click(RemoteWebElement.java:76)
at org.openqa.selenium.support.pagefactory.internal.LocatingElementHandler.invoke(LocatingElementHandler.java:51)
at jdk.proxy2/jdk.proxy2.$Proxy15.click(Unknown Source)
at dragan.stojilkovic.Pages.LoginPage.clickLogin(LoginPage.java:85)
at dragan.stojilkovic.Pages.LoginPage.login(LoginPage.java:92)
at tests.LoginTest.testMobileResponsiveDesign(LoginTest.java:346)
at java.base/java.util.ArrayList.forEach(ArrayList.java:1511)
... Removed 40 stack frames]]>
    </failure>
  </testcase> <!-- testMobileResponsiveDesign -->
  <testcase classname="tests.LoginTest" name="testPasswordBoundary_SevenCharacters" time="2.075"/>
  <testcase classname="tests.LoginTest" name="testSQLInjection" time="2.99"/>
  <testcase classname="tests.LoginTest" name="testSpecialCharactersInEmailAddress" time="2.927"/>
  <testcase classname="tests.LoginTest" name="testTabletResponsiveDesign" time="3.351"/>
  <testcase classname="tests.LoginTest" name="testValidLogin" time="8.497"/>
  <testcase classname="tests.LoginTest" name="testValidLoginTwoCharactersName" time="3.705"/>
  <testcase classname="tests.LoginTest" name="testXSSInUsername" time="2.594"/>
</testsuite> <!-- Surefire test -->
