<?xml version="1.0" encoding="UTF-8"?>
<!-- Generated by org.testng.reporters.JUnitXMLReporter -->
<testsuite ignored="0" hostname="DESKTOP-2SA0BMJ" failures="2" tests="22" name="Surefire test" time="201.253" errors="0" timestamp="2026-04-08T22:40:53 CEST">
  <testcase classname="tests.LoginTest" name="testAccountLockoutAfterFailedAttempts" time="3.222">
    <failure type="java.lang.AssertionError" message="expected [Nalog je zaključan zbog više neuspešnih pokušaja.] but found [Email ili lozinka nisu u redu.]">
      <![CDATA[java.lang.AssertionError: expected [Nalog je zaključan zbog više neuspešnih pokušaja.] but found [Email ili lozinka nisu u redu.]
at tests.LoginTest.testAccountLockoutAfterFailedAttempts(LoginTest.java:104)
at java.base/java.util.ArrayList.forEach(ArrayList.java:1511)
... Removed 38 stack frames]]>
    </failure>
  </testcase> <!-- testAccountLockoutAfterFailedAttempts -->
  <testcase classname="tests.LoginTest" name="testEmptyEmailField" time="0.814"/>
  <testcase classname="tests.LoginTest" name="testEmptyFields" time="0.451"/>
  <testcase classname="tests.LoginTest" name="testForgotPasswordLink" time="0.912"/>
  <testcase classname="tests.LoginTest" name="testInvalidEmailFormat" time="0.844"/>
  <testcase classname="tests.LoginTest" name="testInvalidEmailValidPassword" time="1.468"/>
  <testcase classname="tests.LoginTest" name="testInvalidEmail_MissingAtSymbol" time="0.93"/>
  <testcase classname="tests.LoginTest" name="testInvalidLogin_MixedCredentials" time="1.535"/>
  <testcase classname="tests.LoginTest" name="testInvalidPassword" time="1.456"/>
  <testcase classname="tests.LoginTest" name="testMaxPasswordLength" time="2.943">
    <failure type="java.lang.AssertionError" message="expected [Password too long.] but found [Email ili lozinka nisu u redu.]">
      <![CDATA[java.lang.AssertionError: expected [Password too long.] but found [Email ili lozinka nisu u redu.]
at tests.LoginTest.testMaxPasswordLength(LoginTest.java:81)
at java.base/java.util.ArrayList.forEach(ArrayList.java:1511)
... Removed 38 stack frames]]>
    </failure>
  </testcase> <!-- testMaxPasswordLength -->
  <testcase classname="tests.LoginTest" name="testMinPasswordLength" time="0.846"/>
  <testcase classname="tests.LoginTest" name="testMobileResponsiveDesign" time="1.46"/>
  <testcase classname="tests.LoginTest" name="testPasswordBoundary_SevenCharacters" time="0.958"/>
  <testcase classname="tests.LoginTest" name="testSQLInjection" time="0.85"/>
  <testcase classname="tests.LoginTest" name="testSpecialCharactersInEmailAddress" time="0.776"/>
  <testcase classname="tests.LoginTest" name="testTabletResponsiveDesign" time="1.406"/>
  <testcase classname="tests.LoginTest" name="testValidLogin" time="2.037"/>
  <testcase classname="tests.LoginTest" name="testValidLoginTwoCharactersName" time="2.014"/>
  <testcase classname="tests.LoginTest" name="testXSSInUsername" time="0.89"/>
  <testcase classname="tests.SearchTest" name="testEmptySearch" time="13.173"/>
  <testcase classname="tests.SearchTest" name="testInvalidSearch" time="14.904"/>
  <testcase classname="tests.SearchTest" name="testValidSearch" time="4.951"/>
</testsuite> <!-- Surefire test -->
