<?xml version="1.0" encoding="UTF-8"?>
<!-- Generated by org.testng.reporters.JUnitXMLReporter -->
<testsuite ignored="0" hostname="DESKTOP-2SA0BMJ" failures="0" tests="3" name="Default test" time="54.676" errors="0" timestamp="2026-04-08T21:58:24 CEST">
  <testcase classname="tests.SearchTest" name="testEmptySearch" time="12.769"/>
  <testcase classname="tests.SearchTest" name="testInvalidSearch" time="15.182"/>
  <testcase classname="tests.SearchTest" name="testValidSearch" time="5.43"/>
</testsuite> <!-- Default test -->
