<?xml version="1.0" encoding="UTF-8"?>
<!-- Generated by org.testng.reporters.JUnitXMLReporter -->
<testsuite ignored="18" hostname="DESKTOP-2SA0BMJ" failures="0" tests="1" name="Default test" time="7.031" errors="0" timestamp="2024-12-08T19:51:28 CET">
  <testcase classname="tests.LoginTest" name="testEmptyFields" time="2.884"/>
  <testcase classname="tests.LoginTest" name="testSpecialCharactersInEmailAddress" time="0.0">
    <ignored/>
  </testcase> <!-- testSpecialCharactersInEmailAddress -->
  <testcase classname="tests.LoginTest" name="testTabletResponsiveDesign" time="0.0">
    <ignored/>
  </testcase> <!-- testTabletResponsiveDesign -->
  <testcase classname="tests.LoginTest" name="testInvalidLogin_MixedCredentials" time="0.0">
    <ignored/>
  </testcase> <!-- testInvalidLogin_MixedCredentials -->
  <testcase classname="tests.LoginTest" name="testAccountLockoutAfterFailedAttempts" time="0.0">
    <ignored/>
  </testcase> <!-- testAccountLockoutAfterFailedAttempts -->
  <testcase classname="tests.LoginTest" name="testMobileResponsiveDesign" time="0.0">
    <ignored/>
  </testcase> <!-- testMobileResponsiveDesign -->
  <testcase classname="tests.LoginTest" name="testInvalidEmailFormat" time="0.0">
    <ignored/>
  </testcase> <!-- testInvalidEmailFormat -->
  <testcase classname="tests.LoginTest" name="testMaxPasswordLength" time="0.0">
    <ignored/>
  </testcase> <!-- testMaxPasswordLength -->
  <testcase classname="tests.LoginTest" name="testValidLoginTwoCharactersName" time="0.0">
    <ignored/>
  </testcase> <!-- testValidLoginTwoCharactersName -->
  <testcase classname="tests.LoginTest" name="testValidLogin" time="0.0">
    <ignored/>
  </testcase> <!-- testValidLogin -->
  <testcase classname="tests.LoginTest" name="testPasswordBoundary_SevenCharacters" time="0.0">
    <ignored/>
  </testcase> <!-- testPasswordBoundary_SevenCharacters -->
  <testcase classname="tests.LoginTest" name="testSQLInjection" time="0.0">
    <ignored/>
  </testcase> <!-- testSQLInjection -->
  <testcase classname="tests.LoginTest" name="testForgotPasswordLink" time="0.0">
    <ignored/>
  </testcase> <!-- testForgotPasswordLink -->
  <testcase classname="tests.LoginTest" name="testEmptyEmailField" time="0.0">
    <ignored/>
  </testcase> <!-- testEmptyEmailField -->
  <testcase classname="tests.LoginTest" name="testInvalidPassword" time="0.0">
    <ignored/>
  </testcase> <!-- testInvalidPassword -->
  <testcase classname="tests.LoginTest" name="testMinPasswordLength" time="0.0">
    <ignored/>
  </testcase> <!-- testMinPasswordLength -->
  <testcase classname="tests.LoginTest" name="testXSSInUsername" time="0.0">
    <ignored/>
  </testcase> <!-- testXSSInUsername -->
  <testcase classname="tests.LoginTest" name="testInvalidEmail_MissingAtSymbol" time="0.0">
    <ignored/>
  </testcase> <!-- testInvalidEmail_MissingAtSymbol -->
  <testcase classname="tests.LoginTest" name="testInvalidEmailValidPassworld" time="0.0">
    <ignored/>
  </testcase> <!-- testInvalidEmailValidPassworld -->
</testsuite> <!-- Default test -->
