<?xml version="1.0" encoding="UTF-8"?>
<!-- Generated by org.testng.reporters.JUnitXMLReporter -->
<testsuite ignored="0" hostname="DESKTOP-2SA0BMJ" failures="4" tests="19" name="ChromeTest" time="131.562" errors="0" timestamp="2024-10-25T18:30:48 CEST">
  <testcase classname="tests.LoginTest" name="testAccountLockoutAfterFailedAttempts" time="4.128">
    <failure type="java.lang.AssertionError" message="expected [Nalog je zaključan zbog više neuspešnih pokušaja.] but found [Email ili lozinka nisu u redu.]">
      <![CDATA[java.lang.AssertionError: expected [Nalog je zaključan zbog više neuspešnih pokušaja.] but found [Email ili lozinka nisu u redu.]
at tests.LoginTest.testAccountLockoutAfterFailedAttempts(LoginTest.java:256)
at java.base/java.util.ArrayList.forEach(ArrayList.java:1511)
... Removed 33 stack frames]]>
    </failure>
  </testcase> <!-- testAccountLockoutAfterFailedAttempts -->
  <testcase classname="tests.LoginTest" name="testEmptyEmailField" time="4.008"/>
  <testcase classname="tests.LoginTest" name="testEmptyFields" time="4.621">
    <failure type="org.openqa.selenium.ElementClickInterceptedException" message="element click intercepted: Element &amp;lt;button width=&amp;quot;100%&amp;quot; type=&amp;quot;submit&amp;quot; id=&amp;quot;login-submit&amp;quot; class=&amp;quot;sc-1vt7mai-0 ddzlTv&amp;quot;&amp;gt;...&amp;lt;/button&amp;gt; is not clickable at point (631, 540). Other element would receive the click: &amp;lt;div aria-hidden=&amp;quot;true&amp;quot; style=&amp;quot;z-index: -1; position: fixed; inset: 0px; background-color: rgba(0, 0, 0, 0.5); -webkit-tap-highlight-color: transparent;&amp;quot;&amp;gt;&amp;lt;/div&amp;gt;
  (Session info: chrome=130.0.6723.70)
Build info: version: &amp;apos;4.25.0&amp;apos;, revision: &amp;apos;8a8aea2337&amp;apos;
System info: os.name: &amp;apos;Windows 10&amp;apos;, os.arch: &amp;apos;amd64&amp;apos;, os.version: &amp;apos;10.0&amp;apos;, java.version: &amp;apos;17.0.10&amp;apos;
Driver info: org.openqa.selenium.chrome.ChromeDriver
Command: [04a24d23164ffdb1086603d5e69caabc, clickElement {id=f.3B9D31803DF8F49912907265FF30F7CF.d.35D5A4E0AB230F9EF940DA981D27C529.e.13}]
Capabilities {acceptInsecureCerts: false, browserName: chrome, browserVersion: 130.0.6723.70, chrome: {chromedriverVersion: 130.0.6723.69 (3ec172b971b9..., userDataDir: C:\Users\Admin\AppData\Loca...}, fedcm:accounts: true, goog:chromeOptions: {debuggerAddress: localhost:62984}, networkConnectionEnabled: false, pageLoadStrategy: normal, platformName: windows, proxy: Proxy(), se:cdp: ws://localhost:62984/devtoo..., se:cdpVersion: 130.0.6723.70, setWindowRect: true, strictFileInteractability: false, timeouts: {implicit: 0, pageLoad: 300000, script: 30000}, unhandledPromptBehavior: dismiss and notify, webauthn:extension:credBlob: true, webauthn:extension:largeBlob: true, webauthn:extension:minPinLength: true, webauthn:extension:prf: true, webauthn:virtualAuthenticators: true}
Element: [[ChromeDriver: chrome on windows (04a24d23164ffdb1086603d5e69caabc)] -&amp;gt; xpath: //button[@id=&amp;apos;login-submit&amp;apos;]]
Session ID: 04a24d23164ffdb1086603d5e69caabc">
      <![CDATA[org.openqa.selenium.ElementClickInterceptedException: element click intercepted: Element <button width="100%" type="submit" id="login-submit" class="sc-1vt7mai-0 ddzlTv">...</button> is not clickable at point (631, 540). Other element would receive the click: <div aria-hidden="true" style="z-index: -1; position: fixed; inset: 0px; background-color: rgba(0, 0, 0, 0.5); -webkit-tap-highlight-color: transparent;"></div>
  (Session info: chrome=130.0.6723.70)
Build info: version: '4.25.0', revision: '8a8aea2337'
System info: os.name: 'Windows 10', os.arch: 'amd64', os.version: '10.0', java.version: '17.0.10'
Driver info: org.openqa.selenium.chrome.ChromeDriver
Command: [04a24d23164ffdb1086603d5e69caabc, clickElement {id=f.3B9D31803DF8F49912907265FF30F7CF.d.35D5A4E0AB230F9EF940DA981D27C529.e.13}]
Capabilities {acceptInsecureCerts: false, browserName: chrome, browserVersion: 130.0.6723.70, chrome: {chromedriverVersion: 130.0.6723.69 (3ec172b971b9..., userDataDir: C:\Users\Admin\AppData\Loca...}, fedcm:accounts: true, goog:chromeOptions: {debuggerAddress: localhost:62984}, networkConnectionEnabled: false, pageLoadStrategy: normal, platformName: windows, proxy: Proxy(), se:cdp: ws://localhost:62984/devtoo..., se:cdpVersion: 130.0.6723.70, setWindowRect: true, strictFileInteractability: false, timeouts: {implicit: 0, pageLoad: 300000, script: 30000}, unhandledPromptBehavior: dismiss and notify, webauthn:extension:credBlob: true, webauthn:extension:largeBlob: true, webauthn:extension:minPinLength: true, webauthn:extension:prf: true, webauthn:virtualAuthenticators: true}
Element: [[ChromeDriver: chrome on windows (04a24d23164ffdb1086603d5e69caabc)] -> xpath: //button[@id='login-submit']]
Session ID: 04a24d23164ffdb1086603d5e69caabc
at org.openqa.selenium.remote.ErrorCodec.decode(ErrorCodec.java:167)
at org.openqa.selenium.remote.codec.w3c.W3CHttpResponseCodec.decode(W3CHttpResponseCodec.java:138)
at org.openqa.selenium.remote.codec.w3c.W3CHttpResponseCodec.decode(W3CHttpResponseCodec.java:50)
at org.openqa.selenium.remote.HttpCommandExecutor.execute(HttpCommandExecutor.java:190)
at org.openqa.selenium.remote.service.DriverCommandExecutor.invokeExecute(DriverCommandExecutor.java:216)
at org.openqa.selenium.remote.service.DriverCommandExecutor.execute(DriverCommandExecutor.java:174)
at org.openqa.selenium.remote.RemoteWebDriver.execute(RemoteWebDriver.java:545)
at org.openqa.selenium.remote.RemoteWebElement.execute(RemoteWebElement.java:223)
at org.openqa.selenium.remote.RemoteWebElement.click(RemoteWebElement.java:76)
at org.openqa.selenium.support.pagefactory.internal.LocatingElementHandler.invoke(LocatingElementHandler.java:51)
at jdk.proxy2/jdk.proxy2.$Proxy17.click(Unknown Source)
at dragan.stojilkovic.Pages.LoginPage.clickLogin(LoginPage.java:85)
at tests.LoginTest.testEmptyFields(LoginTest.java:151)
at java.base/java.util.ArrayList.forEach(ArrayList.java:1511)
... Removed 36 stack frames]]>
    </failure>
  </testcase> <!-- testEmptyFields -->
  <testcase classname="tests.LoginTest" name="testForgotPasswordLink" time="5.024"/>
  <testcase classname="tests.LoginTest" name="testInvalidEmailFormat" time="5.728"/>
  <testcase classname="tests.LoginTest" name="testInvalidEmailValidPassworld" time="3.294"/>
  <testcase classname="tests.LoginTest" name="testInvalidEmail_MissingAtSymbol" time="2.644"/>
  <testcase classname="tests.LoginTest" name="testInvalidLogin_MixedCredentials" time="3.265"/>
  <testcase classname="tests.LoginTest" name="testInvalidPassword" time="3.228"/>
  <testcase classname="tests.LoginTest" name="testMaxPasswordLength" time="6.099">
    <failure type="java.lang.AssertionError" message="expected [Password too long.] but found [Email ili lozinka nisu u redu.]">
      <![CDATA[java.lang.AssertionError: expected [Password too long.] but found [Email ili lozinka nisu u redu.]
at tests.LoginTest.testMaxPasswordLength(LoginTest.java:205)
at java.base/java.util.ArrayList.forEach(ArrayList.java:1511)
... Removed 33 stack frames]]>
    </failure>
  </testcase> <!-- testMaxPasswordLength -->
  <testcase classname="tests.LoginTest" name="testMinPasswordLength" time="4.287">
    <failure type="org.openqa.selenium.ElementNotInteractableException" message="element not interactable
  (Session info: chrome=130.0.6723.70)
Build info: version: &amp;apos;4.25.0&amp;apos;, revision: &amp;apos;8a8aea2337&amp;apos;
System info: os.name: &amp;apos;Windows 10&amp;apos;, os.arch: &amp;apos;amd64&amp;apos;, os.version: &amp;apos;10.0&amp;apos;, java.version: &amp;apos;17.0.10&amp;apos;
Driver info: org.openqa.selenium.chrome.ChromeDriver
Command: [daff18ece8feb2b7dc6e2addd208ede0, sendKeysToElement {id=f.A6D2F79348B3295321FA237ED2E54DE0.d.6966140732908D97C7279A2B3F4C67D7.e.6, value=[Ljava.lang.CharSequence;@40943a6}]
Capabilities {acceptInsecureCerts: false, browserName: chrome, browserVersion: 130.0.6723.70, chrome: {chromedriverVersion: 130.0.6723.69 (3ec172b971b9..., userDataDir: C:\Users\Admin\AppData\Loca...}, fedcm:accounts: true, goog:chromeOptions: {debuggerAddress: localhost:63515}, networkConnectionEnabled: false, pageLoadStrategy: normal, platformName: windows, proxy: Proxy(), se:cdp: ws://localhost:63515/devtoo..., se:cdpVersion: 130.0.6723.70, setWindowRect: true, strictFileInteractability: false, timeouts: {implicit: 0, pageLoad: 300000, script: 30000}, unhandledPromptBehavior: dismiss and notify, webauthn:extension:credBlob: true, webauthn:extension:largeBlob: true, webauthn:extension:minPinLength: true, webauthn:extension:prf: true, webauthn:virtualAuthenticators: true}
Element: [[ChromeDriver: chrome on windows (daff18ece8feb2b7dc6e2addd208ede0)] -&amp;gt; xpath: //input[@id=&amp;apos;username&amp;apos;]]
Session ID: daff18ece8feb2b7dc6e2addd208ede0">
      <![CDATA[org.openqa.selenium.ElementNotInteractableException: element not interactable
  (Session info: chrome=130.0.6723.70)
Build info: version: '4.25.0', revision: '8a8aea2337'
System info: os.name: 'Windows 10', os.arch: 'amd64', os.version: '10.0', java.version: '17.0.10'
Driver info: org.openqa.selenium.chrome.ChromeDriver
Command: [daff18ece8feb2b7dc6e2addd208ede0, sendKeysToElement {id=f.A6D2F79348B3295321FA237ED2E54DE0.d.6966140732908D97C7279A2B3F4C67D7.e.6, value=[Ljava.lang.CharSequence;@40943a6}]
Capabilities {acceptInsecureCerts: false, browserName: chrome, browserVersion: 130.0.6723.70, chrome: {chromedriverVersion: 130.0.6723.69 (3ec172b971b9..., userDataDir: C:\Users\Admin\AppData\Loca...}, fedcm:accounts: true, goog:chromeOptions: {debuggerAddress: localhost:63515}, networkConnectionEnabled: false, pageLoadStrategy: normal, platformName: windows, proxy: Proxy(), se:cdp: ws://localhost:63515/devtoo..., se:cdpVersion: 130.0.6723.70, setWindowRect: true, strictFileInteractability: false, timeouts: {implicit: 0, pageLoad: 300000, script: 30000}, unhandledPromptBehavior: dismiss and notify, webauthn:extension:credBlob: true, webauthn:extension:largeBlob: true, webauthn:extension:minPinLength: true, webauthn:extension:prf: true, webauthn:virtualAuthenticators: true}
Element: [[ChromeDriver: chrome on windows (daff18ece8feb2b7dc6e2addd208ede0)] -> xpath: //input[@id='username']]
Session ID: daff18ece8feb2b7dc6e2addd208ede0
at org.openqa.selenium.remote.ErrorCodec.decode(ErrorCodec.java:167)
at org.openqa.selenium.remote.codec.w3c.W3CHttpResponseCodec.decode(W3CHttpResponseCodec.java:138)
at org.openqa.selenium.remote.codec.w3c.W3CHttpResponseCodec.decode(W3CHttpResponseCodec.java:50)
at org.openqa.selenium.remote.HttpCommandExecutor.execute(HttpCommandExecutor.java:190)
at org.openqa.selenium.remote.service.DriverCommandExecutor.invokeExecute(DriverCommandExecutor.java:216)
at org.openqa.selenium.remote.service.DriverCommandExecutor.execute(DriverCommandExecutor.java:174)
at org.openqa.selenium.remote.RemoteWebDriver.execute(RemoteWebDriver.java:545)
at org.openqa.selenium.remote.RemoteWebElement.execute(RemoteWebElement.java:223)
at org.openqa.selenium.remote.RemoteWebElement.sendKeys(RemoteWebElement.java:110)
at org.openqa.selenium.support.pagefactory.internal.LocatingElementHandler.invoke(LocatingElementHandler.java:51)
at jdk.proxy2/jdk.proxy2.$Proxy17.sendKeys(Unknown Source)
at dragan.stojilkovic.Pages.LoginPage.setUsername(LoginPage.java:75)
at dragan.stojilkovic.Pages.LoginPage.login(LoginPage.java:90)
at tests.LoginTest.testMinPasswordLength(LoginTest.java:217)
at java.base/java.util.ArrayList.forEach(ArrayList.java:1511)
... Removed 35 stack frames]]>
    </failure>
  </testcase> <!-- testMinPasswordLength -->
  <testcase classname="tests.LoginTest" name="testMobileResponsiveDesign" time="3.035"/>
  <testcase classname="tests.LoginTest" name="testPasswordBoundary_SevenCharacters" time="4.071"/>
  <testcase classname="tests.LoginTest" name="testSQLInjection" time="2.647"/>
  <testcase classname="tests.LoginTest" name="testSpecialCharactersInEmailAddress" time="2.617"/>
  <testcase classname="tests.LoginTest" name="testTabletResponsiveDesign" time="3.018"/>
  <testcase classname="tests.LoginTest" name="testValidLogin" time="3.706"/>
  <testcase classname="tests.LoginTest" name="testValidLoginTwoCharactersName" time="3.735"/>
  <testcase classname="tests.LoginTest" name="testXSSInUsername" time="2.667"/>
</testsuite> <!-- ChromeTest -->
