<?xml version="1.0" encoding="UTF-8"?>
<!-- Generated by org.testng.reporters.JUnitXMLReporter -->
<testsuite ignored="0" hostname="DESKTOP-2SA0BMJ" failures="2" tests="19" name="ChromeTest" time="81.349" errors="0" timestamp="2024-10-13T18:55:35 CEST">
  <testcase classname="tests.LoginTest" name="testAccountLockoutAfterFailedAttempts" time="2.789">
    <failure type="java.lang.AssertionError" message="expected [Nalog je zaključan zbog više neuspešnih pokušaja.] but found [Email ili lozinka nisu u redu.]">
      <![CDATA[java.lang.AssertionError: expected [Nalog je zaključan zbog više neuspešnih pokušaja.] but found [Email ili lozinka nisu u redu.]
at tests.LoginTest.testAccountLockoutAfterFailedAttempts(LoginTest.java:224)
at java.base/java.util.ArrayList.forEach(ArrayList.java:1511)
... Removed 33 stack frames]]>
    </failure>
  </testcase> <!-- testAccountLockoutAfterFailedAttempts -->
  <testcase classname="tests.LoginTest" name="testEmptyEmailField" time="0.744"/>
  <testcase classname="tests.LoginTest" name="testEmptyFields" time="0.498"/>
  <testcase classname="tests.LoginTest" name="testForgotPasswordLink" time="0.709"/>
  <testcase classname="tests.LoginTest" name="testInvalidEmailFormat" time="0.956"/>
  <testcase classname="tests.LoginTest" name="testInvalidEmailValidPassworld" time="1.408"/>
  <testcase classname="tests.LoginTest" name="testInvalidEmail_MissingAtSymbol" time="0.912"/>
  <testcase classname="tests.LoginTest" name="testInvalidLogin_MixedCredentials" time="1.353"/>
  <testcase classname="tests.LoginTest" name="testInvalidPassword" time="1.293"/>
  <testcase classname="tests.LoginTest" name="testMaxPasswordLength" time="2.486">
    <failure type="java.lang.AssertionError" message="expected [Password too long.] but found [Email ili lozinka nisu u redu.]">
      <![CDATA[java.lang.AssertionError: expected [Password too long.] but found [Email ili lozinka nisu u redu.]
at tests.LoginTest.testMaxPasswordLength(LoginTest.java:182)
at java.base/java.util.ArrayList.forEach(ArrayList.java:1511)
... Removed 33 stack frames]]>
    </failure>
  </testcase> <!-- testMaxPasswordLength -->
  <testcase classname="tests.LoginTest" name="testMinPasswordLength" time="0.841"/>
  <testcase classname="tests.LoginTest" name="testMobileResponsiveDesign" time="1.181"/>
  <testcase classname="tests.LoginTest" name="testPasswordBoundary_SevenCharacters" time="0.916"/>
  <testcase classname="tests.LoginTest" name="testSQLInjection" time="0.756"/>
  <testcase classname="tests.LoginTest" name="testSpecialCharactersInEmailAddress" time="0.811"/>
  <testcase classname="tests.LoginTest" name="testTabletResponsiveDesign" time="1.591"/>
  <testcase classname="tests.LoginTest" name="testValidLogin" time="1.729"/>
  <testcase classname="tests.LoginTest" name="testValidLoginTwoCharactersName" time="1.402"/>
  <testcase classname="tests.LoginTest" name="testXSSInUsername" time="0.918"/>
</testsuite> <!-- ChromeTest -->
