<?xml version="1.0" encoding="UTF-8"?>
<!-- Generated by org.testng.reporters.JUnitXMLReporter -->
<testsuite ignored="0" hostname="DESKTOP-2SA0BMJ" failures="2" tests="19" name="ChromeTest" time="101.944" errors="0" timestamp="2024-10-14T10:48:17 CEST">
  <testcase classname="tests.LoginTest" name="testAccountLockoutAfterFailedAttempts" time="3.237">
    <failure type="java.lang.AssertionError" message="expected [Nalog je zaključan zbog više neuspešnih pokušaja.] but found [Email ili lozinka nisu u redu.]">
      <![CDATA[java.lang.AssertionError: expected [Nalog je zaključan zbog više neuspešnih pokušaja.] but found [Email ili lozinka nisu u redu.]
at tests.LoginTest.testAccountLockoutAfterFailedAttempts(LoginTest.java:256)
at java.base/java.util.ArrayList.forEach(ArrayList.java:1511)
... Removed 33 stack frames]]>
    </failure>
  </testcase> <!-- testAccountLockoutAfterFailedAttempts -->
  <testcase classname="tests.LoginTest" name="testEmptyEmailField" time="1.397"/>
  <testcase classname="tests.LoginTest" name="testEmptyFields" time="1.179"/>
  <testcase classname="tests.LoginTest" name="testForgotPasswordLink" time="1.319"/>
  <testcase classname="tests.LoginTest" name="testInvalidEmailFormat" time="1.468"/>
  <testcase classname="tests.LoginTest" name="testInvalidEmailValidPassworld" time="2.006"/>
  <testcase classname="tests.LoginTest" name="testInvalidEmail_MissingAtSymbol" time="1.455"/>
  <testcase classname="tests.LoginTest" name="testInvalidLogin_MixedCredentials" time="1.947"/>
  <testcase classname="tests.LoginTest" name="testInvalidPassword" time="2.497"/>
  <testcase classname="tests.LoginTest" name="testMaxPasswordLength" time="3.624">
    <failure type="java.lang.AssertionError" message="expected [Password too long.] but found [Email ili lozinka nisu u redu.]">
      <![CDATA[java.lang.AssertionError: expected [Password too long.] but found [Email ili lozinka nisu u redu.]
at tests.LoginTest.testMaxPasswordLength(LoginTest.java:205)
at java.base/java.util.ArrayList.forEach(ArrayList.java:1511)
... Removed 33 stack frames]]>
    </failure>
  </testcase> <!-- testMaxPasswordLength -->
  <testcase classname="tests.LoginTest" name="testMinPasswordLength" time="1.423"/>
  <testcase classname="tests.LoginTest" name="testMobileResponsiveDesign" time="1.822"/>
  <testcase classname="tests.LoginTest" name="testPasswordBoundary_SevenCharacters" time="2.11"/>
  <testcase classname="tests.LoginTest" name="testSQLInjection" time="2.964"/>
  <testcase classname="tests.LoginTest" name="testSpecialCharactersInEmailAddress" time="1.345"/>
  <testcase classname="tests.LoginTest" name="testTabletResponsiveDesign" time="1.843"/>
  <testcase classname="tests.LoginTest" name="testValidLogin" time="2.22"/>
  <testcase classname="tests.LoginTest" name="testValidLoginTwoCharactersName" time="7.942"/>
  <testcase classname="tests.LoginTest" name="testXSSInUsername" time="1.415"/>
</testsuite> <!-- ChromeTest -->
