<?xml version="1.0" encoding="UTF-8"?>
<testng-results ignored="0" total="22" passed="20" failed="2" skipped="0">
  <reporter-output>
  </reporter-output>
  <suite started-at="2026-04-08T22:37:32 CEST" name="Surefire suite" finished-at="2026-04-08T22:40:53 CEST" duration-ms="201253">
    <groups>
    </groups>
    <test started-at="2026-04-08T22:37:32 CEST" name="Surefire test" finished-at="2026-04-08T22:40:53 CEST" duration-ms="201253">
      <class name="tests.LoginTest">
        <test-method is-config="true" signature="setUp(java.lang.String)[pri:0, instance:tests.LoginTest@6a28ffa4]" started-at="2026-04-08T22:37:32 CEST" name="setUp" finished-at="2026-04-08T22:37:41 CEST" duration-ms="8539" status="PASS">
          <params>
            <param index="0">
              <value>
                <![CDATA[chrome]]>
              </value>
            </param>
          </params>
          <reporter-output>
          </reporter-output>
        </test-method> <!-- setUp -->
        <test-method signature="testAccountLockoutAfterFailedAttempts()[pri:0, instance:tests.LoginTest@6a28ffa4]" started-at="2026-04-08T22:37:41 CEST" name="testAccountLockoutAfterFailedAttempts" finished-at="2026-04-08T22:37:44 CEST" duration-ms="3222" status="FAIL">
          <exception class="java.lang.AssertionError">
            <message>
              <![CDATA[expected [Nalog je zaključan zbog više neuspešnih pokušaja.] but found [Email ili lozinka nisu u redu.]]]>
            </message>
            <full-stacktrace>
              <![CDATA[java.lang.AssertionError: expected [Nalog je zaključan zbog više neuspešnih pokušaja.] but found [Email ili lozinka nisu u redu.]
at org.testng.Assert.fail(Assert.java:111)
at org.testng.Assert.failNotEquals(Assert.java:1578)
at org.testng.Assert.assertEqualsImpl(Assert.java:150)
at org.testng.Assert.assertEquals(Assert.java:132)
at org.testng.Assert.assertEquals(Assert.java:656)
at org.testng.Assert.assertEquals(Assert.java:666)
at tests.LoginTest.testAccountLockoutAfterFailedAttempts(LoginTest.java:104)
at java.base/jdk.internal.reflect.NativeMethodAccessorImpl.invoke0(Native Method)
at java.base/jdk.internal.reflect.NativeMethodAccessorImpl.invoke(NativeMethodAccessorImpl.java:77)
at java.base/jdk.internal.reflect.DelegatingMethodAccessorImpl.invoke(DelegatingMethodAccessorImpl.java:43)
at java.base/java.lang.reflect.Method.invoke(Method.java:568)
at org.testng.internal.invokers.MethodInvocationHelper.invokeMethod(MethodInvocationHelper.java:141)
at org.testng.internal.invokers.TestInvoker.invokeMethod(TestInvoker.java:686)
at org.testng.internal.invokers.TestInvoker.invokeTestMethod(TestInvoker.java:230)
at org.testng.internal.invokers.MethodRunner.runInSequence(MethodRunner.java:63)
at org.testng.internal.invokers.TestInvoker$MethodInvocationAgent.invoke(TestInvoker.java:992)
at org.testng.internal.invokers.TestInvoker.invokeTestMethods(TestInvoker.java:203)
at org.testng.internal.invokers.TestMethodWorker.invokeTestMethods(TestMethodWorker.java:154)
at org.testng.internal.invokers.TestMethodWorker.run(TestMethodWorker.java:134)
at java.base/java.util.ArrayList.forEach(ArrayList.java:1511)
at org.testng.TestRunner.privateRun(TestRunner.java:739)
at org.testng.TestRunner.run(TestRunner.java:614)
at org.testng.SuiteRunner.runTest(SuiteRunner.java:421)
at org.testng.SuiteRunner.runSequentially(SuiteRunner.java:413)
at org.testng.SuiteRunner.privateRun(SuiteRunner.java:373)
at org.testng.SuiteRunner.run(SuiteRunner.java:312)
at org.testng.SuiteRunnerWorker.runSuite(SuiteRunnerWorker.java:52)
at org.testng.SuiteRunnerWorker.run(SuiteRunnerWorker.java:95)
at org.testng.TestNG.runSuitesSequentially(TestNG.java:1274)
at org.testng.TestNG.runSuitesLocally(TestNG.java:1208)
at org.testng.TestNG.runSuites(TestNG.java:1112)
at org.testng.TestNG.run(TestNG.java:1079)
at org.apache.maven.surefire.testng.TestNGExecutor.run(TestNGExecutor.java:155)
at org.apache.maven.surefire.testng.TestNGDirectoryTestSuite.executeMulti(TestNGDirectoryTestSuite.java:169)
at org.apache.maven.surefire.testng.TestNGDirectoryTestSuite.execute(TestNGDirectoryTestSuite.java:88)
at org.apache.maven.surefire.testng.TestNGProvider.invoke(TestNGProvider.java:137)
at org.apache.maven.surefire.booter.ForkedBooter.runSuitesInProcess(ForkedBooter.java:385)
at org.apache.maven.surefire.booter.ForkedBooter.execute(ForkedBooter.java:162)
at org.apache.maven.surefire.booter.ForkedBooter.run(ForkedBooter.java:507)
at org.apache.maven.surefire.booter.ForkedBooter.main(ForkedBooter.java:495)
]]>
            </full-stacktrace>
          </exception> <!-- java.lang.AssertionError -->
          <reporter-output>
          </reporter-output>
        </test-method> <!-- testAccountLockoutAfterFailedAttempts -->
        <test-method is-config="true" signature="tearDown()[pri:0, instance:tests.LoginTest@6a28ffa4]" started-at="2026-04-08T22:37:44 CEST" name="tearDown" finished-at="2026-04-08T22:37:44 CEST" duration-ms="294" status="PASS">
          <reporter-output>
          </reporter-output>
        </test-method> <!-- tearDown -->
        <test-method is-config="true" signature="setUp(java.lang.String)[pri:0, instance:tests.LoginTest@6a28ffa4]" started-at="2026-04-08T22:37:44 CEST" name="setUp" finished-at="2026-04-08T22:37:50 CEST" duration-ms="5822" status="PASS">
          <params>
            <param index="0">
              <value>
                <![CDATA[chrome]]>
              </value>
            </param>
          </params>
          <reporter-output>
          </reporter-output>
        </test-method> <!-- setUp -->
        <test-method signature="testEmptyEmailField()[pri:0, instance:tests.LoginTest@6a28ffa4]" started-at="2026-04-08T22:37:50 CEST" name="testEmptyEmailField" finished-at="2026-04-08T22:37:51 CEST" duration-ms="814" status="PASS">
          <reporter-output>
          </reporter-output>
        </test-method> <!-- testEmptyEmailField -->
        <test-method is-config="true" signature="tearDown()[pri:0, instance:tests.LoginTest@6a28ffa4]" started-at="2026-04-08T22:37:51 CEST" name="tearDown" finished-at="2026-04-08T22:37:51 CEST" duration-ms="281" status="PASS">
          <reporter-output>
          </reporter-output>
        </test-method> <!-- tearDown -->
        <test-method is-config="true" signature="setUp(java.lang.String)[pri:0, instance:tests.LoginTest@6a28ffa4]" started-at="2026-04-08T22:37:51 CEST" name="setUp" finished-at="2026-04-08T22:37:57 CEST" duration-ms="6054" status="PASS">
          <params>
            <param index="0">
              <value>
                <![CDATA[chrome]]>
              </value>
            </param>
          </params>
          <reporter-output>
          </reporter-output>
        </test-method> <!-- setUp -->
        <test-method signature="testEmptyFields()[pri:0, instance:tests.LoginTest@6a28ffa4]" started-at="2026-04-08T22:37:57 CEST" name="testEmptyFields" finished-at="2026-04-08T22:37:58 CEST" duration-ms="451" status="PASS">
          <reporter-output>
          </reporter-output>
        </test-method> <!-- testEmptyFields -->
        <test-method is-config="true" signature="tearDown()[pri:0, instance:tests.LoginTest@6a28ffa4]" started-at="2026-04-08T22:37:58 CEST" name="tearDown" finished-at="2026-04-08T22:37:58 CEST" duration-ms="247" status="PASS">
          <reporter-output>
          </reporter-output>
        </test-method> <!-- tearDown -->
        <test-method is-config="true" signature="setUp(java.lang.String)[pri:0, instance:tests.LoginTest@6a28ffa4]" started-at="2026-04-08T22:37:58 CEST" name="setUp" finished-at="2026-04-08T22:38:04 CEST" duration-ms="5885" status="PASS">
          <params>
            <param index="0">
              <value>
                <![CDATA[chrome]]>
              </value>
            </param>
          </params>
          <reporter-output>
          </reporter-output>
        </test-method> <!-- setUp -->
        <test-method signature="testForgotPasswordLink()[pri:0, instance:tests.LoginTest@6a28ffa4]" started-at="2026-04-08T22:38:04 CEST" name="testForgotPasswordLink" finished-at="2026-04-08T22:38:05 CEST" duration-ms="912" status="PASS">
          <reporter-output>
          </reporter-output>
        </test-method> <!-- testForgotPasswordLink -->
        <test-method is-config="true" signature="tearDown()[pri:0, instance:tests.LoginTest@6a28ffa4]" started-at="2026-04-08T22:38:05 CEST" name="tearDown" finished-at="2026-04-08T22:38:05 CEST" duration-ms="285" status="PASS">
          <reporter-output>
          </reporter-output>
        </test-method> <!-- tearDown -->
        <test-method is-config="true" signature="setUp(java.lang.String)[pri:0, instance:tests.LoginTest@6a28ffa4]" started-at="2026-04-08T22:38:05 CEST" name="setUp" finished-at="2026-04-08T22:38:12 CEST" duration-ms="7104" status="PASS">
          <params>
            <param index="0">
              <value>
                <![CDATA[chrome]]>
              </value>
            </param>
          </params>
          <reporter-output>
          </reporter-output>
        </test-method> <!-- setUp -->
        <test-method signature="testInvalidEmailFormat()[pri:0, instance:tests.LoginTest@6a28ffa4]" started-at="2026-04-08T22:38:12 CEST" name="testInvalidEmailFormat" finished-at="2026-04-08T22:38:13 CEST" duration-ms="844" status="PASS">
          <reporter-output>
          </reporter-output>
        </test-method> <!-- testInvalidEmailFormat -->
        <test-method is-config="true" signature="tearDown()[pri:0, instance:tests.LoginTest@6a28ffa4]" started-at="2026-04-08T22:38:13 CEST" name="tearDown" finished-at="2026-04-08T22:38:13 CEST" duration-ms="271" status="PASS">
          <reporter-output>
          </reporter-output>
        </test-method> <!-- tearDown -->
        <test-method is-config="true" signature="setUp(java.lang.String)[pri:0, instance:tests.LoginTest@6a28ffa4]" started-at="2026-04-08T22:38:13 CEST" name="setUp" finished-at="2026-04-08T22:38:19 CEST" duration-ms="5875" status="PASS">
          <params>
            <param index="0">
              <value>
                <![CDATA[chrome]]>
              </value>
            </param>
          </params>
          <reporter-output>
          </reporter-output>
        </test-method> <!-- setUp -->
        <test-method signature="testInvalidEmailValidPassword()[pri:0, instance:tests.LoginTest@6a28ffa4]" started-at="2026-04-08T22:38:19 CEST" name="testInvalidEmailValidPassword" finished-at="2026-04-08T22:38:21 CEST" duration-ms="1468" status="PASS">
          <reporter-output>
          </reporter-output>
        </test-method> <!-- testInvalidEmailValidPassword -->
        <test-method is-config="true" signature="tearDown()[pri:0, instance:tests.LoginTest@6a28ffa4]" started-at="2026-04-08T22:38:21 CEST" name="tearDown" finished-at="2026-04-08T22:38:21 CEST" duration-ms="341" status="PASS">
          <reporter-output>
          </reporter-output>
        </test-method> <!-- tearDown -->
        <test-method is-config="true" signature="setUp(java.lang.String)[pri:0, instance:tests.LoginTest@6a28ffa4]" started-at="2026-04-08T22:38:21 CEST" name="setUp" finished-at="2026-04-08T22:38:27 CEST" duration-ms="6031" status="PASS">
          <params>
            <param index="0">
              <value>
                <![CDATA[chrome]]>
              </value>
            </param>
          </params>
          <reporter-output>
          </reporter-output>
        </test-method> <!-- setUp -->
        <test-method signature="testInvalidEmail_MissingAtSymbol()[pri:0, instance:tests.LoginTest@6a28ffa4]" started-at="2026-04-08T22:38:27 CEST" name="testInvalidEmail_MissingAtSymbol" finished-at="2026-04-08T22:38:28 CEST" duration-ms="930" status="PASS">
          <reporter-output>
          </reporter-output>
        </test-method> <!-- testInvalidEmail_MissingAtSymbol -->
        <test-method is-config="true" signature="tearDown()[pri:0, instance:tests.LoginTest@6a28ffa4]" started-at="2026-04-08T22:38:28 CEST" name="tearDown" finished-at="2026-04-08T22:38:28 CEST" duration-ms="281" status="PASS">
          <reporter-output>
          </reporter-output>
        </test-method> <!-- tearDown -->
        <test-method is-config="true" signature="setUp(java.lang.String)[pri:0, instance:tests.LoginTest@6a28ffa4]" started-at="2026-04-08T22:38:28 CEST" name="setUp" finished-at="2026-04-08T22:38:34 CEST" duration-ms="5816" status="PASS">
          <params>
            <param index="0">
              <value>
                <![CDATA[chrome]]>
              </value>
            </param>
          </params>
          <reporter-output>
          </reporter-output>
        </test-method> <!-- setUp -->
        <test-method signature="testInvalidLogin_MixedCredentials()[pri:0, instance:tests.LoginTest@6a28ffa4]" started-at="2026-04-08T22:38:34 CEST" name="testInvalidLogin_MixedCredentials" finished-at="2026-04-08T22:38:36 CEST" duration-ms="1535" status="PASS">
          <reporter-output>
          </reporter-output>
        </test-method> <!-- testInvalidLogin_MixedCredentials -->
        <test-method is-config="true" signature="tearDown()[pri:0, instance:tests.LoginTest@6a28ffa4]" started-at="2026-04-08T22:38:36 CEST" name="tearDown" finished-at="2026-04-08T22:38:36 CEST" duration-ms="304" status="PASS">
          <reporter-output>
          </reporter-output>
        </test-method> <!-- tearDown -->
        <test-method is-config="true" signature="setUp(java.lang.String)[pri:0, instance:tests.LoginTest@6a28ffa4]" started-at="2026-04-08T22:38:36 CEST" name="setUp" finished-at="2026-04-08T22:38:42 CEST" duration-ms="5848" status="PASS">
          <params>
            <param index="0">
              <value>
                <![CDATA[chrome]]>
              </value>
            </param>
          </params>
          <reporter-output>
          </reporter-output>
        </test-method> <!-- setUp -->
        <test-method signature="testInvalidPassword()[pri:0, instance:tests.LoginTest@6a28ffa4]" started-at="2026-04-08T22:38:42 CEST" name="testInvalidPassword" finished-at="2026-04-08T22:38:43 CEST" duration-ms="1456" status="PASS">
          <reporter-output>
          </reporter-output>
        </test-method> <!-- testInvalidPassword -->
        <test-method is-config="true" signature="tearDown()[pri:0, instance:tests.LoginTest@6a28ffa4]" started-at="2026-04-08T22:38:43 CEST" name="tearDown" finished-at="2026-04-08T22:38:44 CEST" duration-ms="308" status="PASS">
          <reporter-output>
          </reporter-output>
        </test-method> <!-- tearDown -->
        <test-method is-config="true" signature="setUp(java.lang.String)[pri:0, instance:tests.LoginTest@6a28ffa4]" started-at="2026-04-08T22:38:44 CEST" name="setUp" finished-at="2026-04-08T22:38:50 CEST" duration-ms="6710" status="PASS">
          <params>
            <param index="0">
              <value>
                <![CDATA[chrome]]>
              </value>
            </param>
          </params>
          <reporter-output>
          </reporter-output>
        </test-method> <!-- setUp -->
        <test-method signature="testMaxPasswordLength()[pri:0, instance:tests.LoginTest@6a28ffa4]" started-at="2026-04-08T22:38:50 CEST" name="testMaxPasswordLength" finished-at="2026-04-08T22:38:53 CEST" duration-ms="2943" status="FAIL">
          <exception class="java.lang.AssertionError">
            <message>
              <![CDATA[expected [Password too long.] but found [Email ili lozinka nisu u redu.]]]>
            </message>
            <full-stacktrace>
              <![CDATA[java.lang.AssertionError: expected [Password too long.] but found [Email ili lozinka nisu u redu.]
at org.testng.Assert.fail(Assert.java:111)
at org.testng.Assert.failNotEquals(Assert.java:1578)
at org.testng.Assert.assertEqualsImpl(Assert.java:150)
at org.testng.Assert.assertEquals(Assert.java:132)
at org.testng.Assert.assertEquals(Assert.java:656)
at org.testng.Assert.assertEquals(Assert.java:666)
at tests.LoginTest.testMaxPasswordLength(LoginTest.java:81)
at java.base/jdk.internal.reflect.NativeMethodAccessorImpl.invoke0(Native Method)
at java.base/jdk.internal.reflect.NativeMethodAccessorImpl.invoke(NativeMethodAccessorImpl.java:77)
at java.base/jdk.internal.reflect.DelegatingMethodAccessorImpl.invoke(DelegatingMethodAccessorImpl.java:43)
at java.base/java.lang.reflect.Method.invoke(Method.java:568)
at org.testng.internal.invokers.MethodInvocationHelper.invokeMethod(MethodInvocationHelper.java:141)
at org.testng.internal.invokers.TestInvoker.invokeMethod(TestInvoker.java:686)
at org.testng.internal.invokers.TestInvoker.invokeTestMethod(TestInvoker.java:230)
at org.testng.internal.invokers.MethodRunner.runInSequence(MethodRunner.java:63)
at org.testng.internal.invokers.TestInvoker$MethodInvocationAgent.invoke(TestInvoker.java:992)
at org.testng.internal.invokers.TestInvoker.invokeTestMethods(TestInvoker.java:203)
at org.testng.internal.invokers.TestMethodWorker.invokeTestMethods(TestMethodWorker.java:154)
at org.testng.internal.invokers.TestMethodWorker.run(TestMethodWorker.java:134)
at java.base/java.util.ArrayList.forEach(ArrayList.java:1511)
at org.testng.TestRunner.privateRun(TestRunner.java:739)
at org.testng.TestRunner.run(TestRunner.java:614)
at org.testng.SuiteRunner.runTest(SuiteRunner.java:421)
at org.testng.SuiteRunner.runSequentially(SuiteRunner.java:413)
at org.testng.SuiteRunner.privateRun(SuiteRunner.java:373)
at org.testng.SuiteRunner.run(SuiteRunner.java:312)
at org.testng.SuiteRunnerWorker.runSuite(SuiteRunnerWorker.java:52)
at org.testng.SuiteRunnerWorker.run(SuiteRunnerWorker.java:95)
at org.testng.TestNG.runSuitesSequentially(TestNG.java:1274)
at org.testng.TestNG.runSuitesLocally(TestNG.java:1208)
at org.testng.TestNG.runSuites(TestNG.java:1112)
at org.testng.TestNG.run(TestNG.java:1079)
at org.apache.maven.surefire.testng.TestNGExecutor.run(TestNGExecutor.java:155)
at org.apache.maven.surefire.testng.TestNGDirectoryTestSuite.executeMulti(TestNGDirectoryTestSuite.java:169)
at org.apache.maven.surefire.testng.TestNGDirectoryTestSuite.execute(TestNGDirectoryTestSuite.java:88)
at org.apache.maven.surefire.testng.TestNGProvider.invoke(TestNGProvider.java:137)
at org.apache.maven.surefire.booter.ForkedBooter.runSuitesInProcess(ForkedBooter.java:385)
at org.apache.maven.surefire.booter.ForkedBooter.execute(ForkedBooter.java:162)
at org.apache.maven.surefire.booter.ForkedBooter.run(ForkedBooter.java:507)
at org.apache.maven.surefire.booter.ForkedBooter.main(ForkedBooter.java:495)
]]>
            </full-stacktrace>
          </exception> <!-- java.lang.AssertionError -->
          <reporter-output>
          </reporter-output>
        </test-method> <!-- testMaxPasswordLength -->
        <test-method is-config="true" signature="tearDown()[pri:0, instance:tests.LoginTest@6a28ffa4]" started-at="2026-04-08T22:38:53 CEST" name="tearDown" finished-at="2026-04-08T22:38:54 CEST" duration-ms="334" status="PASS">
          <reporter-output>
          </reporter-output>
        </test-method> <!-- tearDown -->
        <test-method is-config="true" signature="setUp(java.lang.String)[pri:0, instance:tests.LoginTest@6a28ffa4]" started-at="2026-04-08T22:38:54 CEST" name="setUp" finished-at="2026-04-08T22:39:00 CEST" duration-ms="6286" status="PASS">
          <params>
            <param index="0">
              <value>
                <![CDATA[chrome]]>
              </value>
            </param>
          </params>
          <reporter-output>
          </reporter-output>
        </test-method> <!-- setUp -->
        <test-method signature="testMinPasswordLength()[pri:0, instance:tests.LoginTest@6a28ffa4]" started-at="2026-04-08T22:39:00 CEST" name="testMinPasswordLength" finished-at="2026-04-08T22:39:01 CEST" duration-ms="846" status="PASS">
          <reporter-output>
          </reporter-output>
        </test-method> <!-- testMinPasswordLength -->
        <test-method is-config="true" signature="tearDown()[pri:0, instance:tests.LoginTest@6a28ffa4]" started-at="2026-04-08T22:39:01 CEST" name="tearDown" finished-at="2026-04-08T22:39:01 CEST" duration-ms="290" status="PASS">
          <reporter-output>
          </reporter-output>
        </test-method> <!-- tearDown -->
        <test-method is-config="true" signature="setUp(java.lang.String)[pri:0, instance:tests.LoginTest@6a28ffa4]" started-at="2026-04-08T22:39:01 CEST" name="setUp" finished-at="2026-04-08T22:39:07 CEST" duration-ms="5903" status="PASS">
          <params>
            <param index="0">
              <value>
                <![CDATA[chrome]]>
              </value>
            </param>
          </params>
          <reporter-output>
          </reporter-output>
        </test-method> <!-- setUp -->
        <test-method signature="testMobileResponsiveDesign()[pri:0, instance:tests.LoginTest@6a28ffa4]" started-at="2026-04-08T22:39:07 CEST" name="testMobileResponsiveDesign" finished-at="2026-04-08T22:39:08 CEST" duration-ms="1460" status="PASS">
          <reporter-output>
          </reporter-output>
        </test-method> <!-- testMobileResponsiveDesign -->
        <test-method is-config="true" signature="tearDown()[pri:0, instance:tests.LoginTest@6a28ffa4]" started-at="2026-04-08T22:39:08 CEST" name="tearDown" finished-at="2026-04-08T22:39:09 CEST" duration-ms="240" status="PASS">
          <reporter-output>
          </reporter-output>
        </test-method> <!-- tearDown -->
        <test-method is-config="true" signature="setUp(java.lang.String)[pri:0, instance:tests.LoginTest@6a28ffa4]" started-at="2026-04-08T22:39:09 CEST" name="setUp" finished-at="2026-04-08T22:39:15 CEST" duration-ms="5833" status="PASS">
          <params>
            <param index="0">
              <value>
                <![CDATA[chrome]]>
              </value>
            </param>
          </params>
          <reporter-output>
          </reporter-output>
        </test-method> <!-- setUp -->
        <test-method signature="testPasswordBoundary_SevenCharacters()[pri:0, instance:tests.LoginTest@6a28ffa4]" started-at="2026-04-08T22:39:15 CEST" name="testPasswordBoundary_SevenCharacters" finished-at="2026-04-08T22:39:16 CEST" duration-ms="958" status="PASS">
          <reporter-output>
          </reporter-output>
        </test-method> <!-- testPasswordBoundary_SevenCharacters -->
        <test-method is-config="true" signature="tearDown()[pri:0, instance:tests.LoginTest@6a28ffa4]" started-at="2026-04-08T22:39:16 CEST" name="tearDown" finished-at="2026-04-08T22:39:16 CEST" duration-ms="304" status="PASS">
          <reporter-output>
          </reporter-output>
        </test-method> <!-- tearDown -->
        <test-method is-config="true" signature="setUp(java.lang.String)[pri:0, instance:tests.LoginTest@6a28ffa4]" started-at="2026-04-08T22:39:16 CEST" name="setUp" finished-at="2026-04-08T22:39:22 CEST" duration-ms="5973" status="PASS">
          <params>
            <param index="0">
              <value>
                <![CDATA[chrome]]>
              </value>
            </param>
          </params>
          <reporter-output>
          </reporter-output>
        </test-method> <!-- setUp -->
        <test-method signature="testSQLInjection()[pri:0, instance:tests.LoginTest@6a28ffa4]" started-at="2026-04-08T22:39:22 CEST" name="testSQLInjection" finished-at="2026-04-08T22:39:23 CEST" duration-ms="850" status="PASS">
          <reporter-output>
          </reporter-output>
        </test-method> <!-- testSQLInjection -->
        <test-method is-config="true" signature="tearDown()[pri:0, instance:tests.LoginTest@6a28ffa4]" started-at="2026-04-08T22:39:23 CEST" name="tearDown" finished-at="2026-04-08T22:39:23 CEST" duration-ms="311" status="PASS">
          <reporter-output>
          </reporter-output>
        </test-method> <!-- tearDown -->
        <test-method is-config="true" signature="setUp(java.lang.String)[pri:0, instance:tests.LoginTest@6a28ffa4]" started-at="2026-04-08T22:39:23 CEST" name="setUp" finished-at="2026-04-08T22:39:29 CEST" duration-ms="5806" status="PASS">
          <params>
            <param index="0">
              <value>
                <![CDATA[chrome]]>
              </value>
            </param>
          </params>
          <reporter-output>
          </reporter-output>
        </test-method> <!-- setUp -->
        <test-method signature="testSpecialCharactersInEmailAddress()[pri:0, instance:tests.LoginTest@6a28ffa4]" started-at="2026-04-08T22:39:29 CEST" name="testSpecialCharactersInEmailAddress" finished-at="2026-04-08T22:39:30 CEST" duration-ms="776" status="PASS">
          <reporter-output>
          </reporter-output>
        </test-method> <!-- testSpecialCharactersInEmailAddress -->
        <test-method is-config="true" signature="tearDown()[pri:0, instance:tests.LoginTest@6a28ffa4]" started-at="2026-04-08T22:39:30 CEST" name="tearDown" finished-at="2026-04-08T22:39:30 CEST" duration-ms="292" status="PASS">
          <reporter-output>
          </reporter-output>
        </test-method> <!-- tearDown -->
        <test-method is-config="true" signature="setUp(java.lang.String)[pri:0, instance:tests.LoginTest@6a28ffa4]" started-at="2026-04-08T22:39:30 CEST" name="setUp" finished-at="2026-04-08T22:39:36 CEST" duration-ms="5836" status="PASS">
          <params>
            <param index="0">
              <value>
                <![CDATA[chrome]]>
              </value>
            </param>
          </params>
          <reporter-output>
          </reporter-output>
        </test-method> <!-- setUp -->
        <test-method signature="testTabletResponsiveDesign()[pri:0, instance:tests.LoginTest@6a28ffa4]" started-at="2026-04-08T22:39:36 CEST" name="testTabletResponsiveDesign" finished-at="2026-04-08T22:39:37 CEST" duration-ms="1406" status="PASS">
          <reporter-output>
          </reporter-output>
        </test-method> <!-- testTabletResponsiveDesign -->
        <test-method is-config="true" signature="tearDown()[pri:0, instance:tests.LoginTest@6a28ffa4]" started-at="2026-04-08T22:39:37 CEST" name="tearDown" finished-at="2026-04-08T22:39:37 CEST" duration-ms="319" status="PASS">
          <reporter-output>
          </reporter-output>
        </test-method> <!-- tearDown -->
        <test-method is-config="true" signature="setUp(java.lang.String)[pri:0, instance:tests.LoginTest@6a28ffa4]" started-at="2026-04-08T22:39:37 CEST" name="setUp" finished-at="2026-04-08T22:39:43 CEST" duration-ms="5751" status="PASS">
          <params>
            <param index="0">
              <value>
                <![CDATA[chrome]]>
              </value>
            </param>
          </params>
          <reporter-output>
          </reporter-output>
        </test-method> <!-- setUp -->
        <test-method signature="testValidLogin()[pri:0, instance:tests.LoginTest@6a28ffa4]" started-at="2026-04-08T22:39:43 CEST" name="testValidLogin" finished-at="2026-04-08T22:39:45 CEST" duration-ms="2037" status="PASS">
          <reporter-output>
          </reporter-output>
        </test-method> <!-- testValidLogin -->
        <test-method is-config="true" signature="tearDown()[pri:0, instance:tests.LoginTest@6a28ffa4]" started-at="2026-04-08T22:39:45 CEST" name="tearDown" finished-at="2026-04-08T22:39:46 CEST" duration-ms="346" status="PASS">
          <reporter-output>
          </reporter-output>
        </test-method> <!-- tearDown -->
        <test-method is-config="true" signature="setUp(java.lang.String)[pri:0, instance:tests.LoginTest@6a28ffa4]" started-at="2026-04-08T22:39:46 CEST" name="setUp" finished-at="2026-04-08T22:39:51 CEST" duration-ms="5967" status="PASS">
          <params>
            <param index="0">
              <value>
                <![CDATA[chrome]]>
              </value>
            </param>
          </params>
          <reporter-output>
          </reporter-output>
        </test-method> <!-- setUp -->
        <test-method signature="testValidLoginTwoCharactersName()[pri:0, instance:tests.LoginTest@6a28ffa4]" started-at="2026-04-08T22:39:51 CEST" name="testValidLoginTwoCharactersName" finished-at="2026-04-08T22:39:54 CEST" duration-ms="2014" status="PASS">
          <reporter-output>
          </reporter-output>
        </test-method> <!-- testValidLoginTwoCharactersName -->
        <test-method is-config="true" signature="tearDown()[pri:0, instance:tests.LoginTest@6a28ffa4]" started-at="2026-04-08T22:39:54 CEST" name="tearDown" finished-at="2026-04-08T22:39:54 CEST" duration-ms="361" status="PASS">
          <reporter-output>
          </reporter-output>
        </test-method> <!-- tearDown -->
        <test-method is-config="true" signature="setUp(java.lang.String)[pri:0, instance:tests.LoginTest@6a28ffa4]" started-at="2026-04-08T22:39:54 CEST" name="setUp" finished-at="2026-04-08T22:40:00 CEST" duration-ms="5907" status="PASS">
          <params>
            <param index="0">
              <value>
                <![CDATA[chrome]]>
              </value>
            </param>
          </params>
          <reporter-output>
          </reporter-output>
        </test-method> <!-- setUp -->
        <test-method signature="testXSSInUsername()[pri:0, instance:tests.LoginTest@6a28ffa4]" started-at="2026-04-08T22:40:00 CEST" name="testXSSInUsername" finished-at="2026-04-08T22:40:01 CEST" duration-ms="890" status="PASS">
          <reporter-output>
          </reporter-output>
        </test-method> <!-- testXSSInUsername -->
        <test-method is-config="true" signature="tearDown()[pri:0, instance:tests.LoginTest@6a28ffa4]" started-at="2026-04-08T22:40:01 CEST" name="tearDown" finished-at="2026-04-08T22:40:01 CEST" duration-ms="269" status="PASS">
          <reporter-output>
          </reporter-output>
        </test-method> <!-- tearDown -->
      </class> <!-- tests.LoginTest -->
      <class name="tests.SearchTest">
        <test-method is-config="true" signature="setUp(java.lang.String)[pri:0, instance:tests.SearchTest@48ae9b55]" started-at="2026-04-08T22:40:01 CEST" name="setUp" finished-at="2026-04-08T22:40:07 CEST" duration-ms="5866" status="PASS">
          <params>
            <param index="0">
              <value>
                <![CDATA[chrome]]>
              </value>
            </param>
          </params>
          <reporter-output>
          </reporter-output>
        </test-method> <!-- setUp -->
        <test-method signature="testEmptySearch()[pri:0, instance:tests.SearchTest@48ae9b55]" started-at="2026-04-08T22:40:07 CEST" name="testEmptySearch" finished-at="2026-04-08T22:40:20 CEST" duration-ms="13173" status="PASS">
          <reporter-output>
          </reporter-output>
        </test-method> <!-- testEmptySearch -->
        <test-method is-config="true" signature="tearDown()[pri:0, instance:tests.SearchTest@48ae9b55]" started-at="2026-04-08T22:40:20 CEST" name="tearDown" finished-at="2026-04-08T22:40:20 CEST" duration-ms="323" status="PASS">
          <reporter-output>
          </reporter-output>
        </test-method> <!-- tearDown -->
        <test-method is-config="true" signature="setUp(java.lang.String)[pri:0, instance:tests.SearchTest@48ae9b55]" started-at="2026-04-08T22:40:20 CEST" name="setUp" finished-at="2026-04-08T22:40:27 CEST" duration-ms="6287" status="PASS">
          <params>
            <param index="0">
              <value>
                <![CDATA[chrome]]>
              </value>
            </param>
          </params>
          <reporter-output>
          </reporter-output>
        </test-method> <!-- setUp -->
        <test-method signature="testInvalidSearch()[pri:0, instance:tests.SearchTest@48ae9b55]" started-at="2026-04-08T22:40:27 CEST" name="testInvalidSearch" finished-at="2026-04-08T22:40:41 CEST" duration-ms="14904" status="PASS">
          <reporter-output>
          </reporter-output>
        </test-method> <!-- testInvalidSearch -->
        <test-method is-config="true" signature="tearDown()[pri:0, instance:tests.SearchTest@48ae9b55]" started-at="2026-04-08T22:40:41 CEST" name="tearDown" finished-at="2026-04-08T22:40:42 CEST" duration-ms="358" status="PASS">
          <reporter-output>
          </reporter-output>
        </test-method> <!-- tearDown -->
        <test-method is-config="true" signature="setUp(java.lang.String)[pri:0, instance:tests.SearchTest@48ae9b55]" started-at="2026-04-08T22:40:42 CEST" name="setUp" finished-at="2026-04-08T22:40:48 CEST" duration-ms="5691" status="PASS">
          <params>
            <param index="0">
              <value>
                <![CDATA[chrome]]>
              </value>
            </param>
          </params>
          <reporter-output>
          </reporter-output>
        </test-method> <!-- setUp -->
        <test-method signature="testValidSearch()[pri:0, instance:tests.SearchTest@48ae9b55]" started-at="2026-04-08T22:40:48 CEST" name="testValidSearch" finished-at="2026-04-08T22:40:52 CEST" duration-ms="4951" status="PASS">
          <reporter-output>
          </reporter-output>
        </test-method> <!-- testValidSearch -->
        <test-method is-config="true" signature="tearDown()[pri:0, instance:tests.SearchTest@48ae9b55]" started-at="2026-04-08T22:40:52 CEST" name="tearDown" finished-at="2026-04-08T22:40:53 CEST" duration-ms="314" status="PASS">
          <reporter-output>
          </reporter-output>
        </test-method> <!-- tearDown -->
      </class> <!-- tests.SearchTest -->
    </test> <!-- Surefire test -->
  </suite> <!-- Surefire suite -->
</testng-results>
