<?xml version="1.0" encoding="UTF-8"?>
<testng-results ignored="18" total="19" passed="1" failed="0" skipped="0">
  <reporter-output>
  </reporter-output>
  <suite started-at="2024-10-14T12:16:46 CEST" name="Default suite" finished-at="2024-10-14T12:16:52 CEST" duration-ms="5902">
    <groups>
    </groups>
    <test started-at="2024-10-14T12:16:46 CEST" name="Default test" finished-at="2024-10-14T12:16:52 CEST" duration-ms="5902">
      <class name="tests.LoginTest">
        <test-method is-config="true" signature="setUp(java.lang.String)[pri:0, instance:tests.LoginTest@6b927fb]" started-at="2024-10-14T12:16:47 CEST" name="setUp" finished-at="2024-10-14T12:16:50 CEST" duration-ms="3311" status="PASS">
          <params>
            <param index="0">
              <value>
                <![CDATA[chrome]]>
              </value>
            </param>
          </params>
          <reporter-output>
          </reporter-output>
        </test-method> <!-- setUp -->
        <test-method signature="testInvalidPassword()[pri:0, instance:tests.LoginTest@6b927fb]" started-at="2024-10-14T12:16:50 CEST" name="testInvalidPassword" finished-at="2024-10-14T12:16:52 CEST" duration-ms="2037" status="PASS">
          <reporter-output>
          </reporter-output>
        </test-method> <!-- testInvalidPassword -->
        <test-method is-config="true" signature="tearDown()[pri:0, instance:tests.LoginTest@6b927fb]" started-at="2024-10-14T12:16:52 CEST" name="tearDown" finished-at="2024-10-14T12:16:52 CEST" duration-ms="178" status="PASS">
          <reporter-output>
          </reporter-output>
        </test-method> <!-- tearDown -->
      </class> <!-- tests.LoginTest -->
    </test> <!-- Default test -->
  </suite> <!-- Default suite -->
</testng-results>
