<?xml version="1.0" encoding="UTF-8"?>
<testng-results ignored="0" total="19" passed="17" failed="2" skipped="0">
  <reporter-output>
  </reporter-output>
  <suite started-at="2024-10-14T14:06:56 CEST" name="Default suite" finished-at="2024-10-14T14:08:07 CEST" duration-ms="71323">
    <groups>
    </groups>
    <test started-at="2024-10-14T14:06:56 CEST" name="Default test" finished-at="2024-10-14T14:08:07 CEST" duration-ms="71323">
      <class name="tests.LoginTest">
        <test-method is-config="true" signature="setUp(java.lang.String)[pri:0, instance:tests.LoginTest@359f7cdf]" started-at="2024-10-14T14:06:56 CEST" name="setUp" finished-at="2024-10-14T14:07:00 CEST" duration-ms="3941" status="PASS">
          <params>
            <param index="0">
              <value>
                <![CDATA[chrome]]>
              </value>
            </param>
          </params>
          <reporter-output>
          </reporter-output>
        </test-method> <!-- setUp -->
        <test-method signature="testAccountLockoutAfterFailedAttempts()[pri:0, instance:tests.LoginTest@359f7cdf]" started-at="2024-10-14T14:07:00 CEST" name="testAccountLockoutAfterFailedAttempts" finished-at="2024-10-14T14:07:03 CEST" duration-ms="2880" status="FAIL">
          <exception class="java.lang.AssertionError">
            <message>
              <![CDATA[expected [Nalog je zaključan zbog više neuspešnih pokušaja.] but found [Email ili lozinka nisu u redu.]]]>
            </message>
            <full-stacktrace>
              <![CDATA[java.lang.AssertionError: expected [Nalog je zaključan zbog više neuspešnih pokušaja.] but found [Email ili lozinka nisu u redu.]
at org.testng.Assert.fail(Assert.java:99)
at org.testng.Assert.failNotEquals(Assert.java:1037)
at org.testng.Assert.assertEqualsImpl(Assert.java:140)
at org.testng.Assert.assertEquals(Assert.java:122)
at org.testng.Assert.assertEquals(Assert.java:629)
at org.testng.Assert.assertEquals(Assert.java:639)
at tests.LoginTest.testAccountLockoutAfterFailedAttempts(LoginTest.java:256)
at java.base/jdk.internal.reflect.NativeMethodAccessorImpl.invoke0(Native Method)
at java.base/jdk.internal.reflect.NativeMethodAccessorImpl.invoke(NativeMethodAccessorImpl.java:77)
at java.base/jdk.internal.reflect.DelegatingMethodAccessorImpl.invoke(DelegatingMethodAccessorImpl.java:43)
at java.base/java.lang.reflect.Method.invoke(Method.java:568)
at org.testng.internal.MethodInvocationHelper.invokeMethod(MethodInvocationHelper.java:133)
at org.testng.internal.TestInvoker.invokeMethod(TestInvoker.java:598)
at org.testng.internal.TestInvoker.invokeTestMethod(TestInvoker.java:173)
at org.testng.internal.MethodRunner.runInSequence(MethodRunner.java:46)
at org.testng.internal.TestInvoker$MethodInvocationAgent.invoke(TestInvoker.java:824)
at org.testng.internal.TestInvoker.invokeTestMethods(TestInvoker.java:146)
at org.testng.internal.TestMethodWorker.invokeTestMethods(TestMethodWorker.java:146)
at org.testng.internal.TestMethodWorker.run(TestMethodWorker.java:128)
at java.base/java.util.ArrayList.forEach(ArrayList.java:1511)
at org.testng.TestRunner.privateRun(TestRunner.java:794)
at org.testng.TestRunner.run(TestRunner.java:596)
at org.testng.SuiteRunner.runTest(SuiteRunner.java:377)
at org.testng.SuiteRunner.runSequentially(SuiteRunner.java:371)
at org.testng.SuiteRunner.privateRun(SuiteRunner.java:332)
at org.testng.SuiteRunner.run(SuiteRunner.java:276)
at org.testng.SuiteRunnerWorker.runSuite(SuiteRunnerWorker.java:53)
at org.testng.SuiteRunnerWorker.run(SuiteRunnerWorker.java:96)
at org.testng.TestNG.runSuitesSequentially(TestNG.java:1212)
at org.testng.TestNG.runSuitesLocally(TestNG.java:1134)
at org.testng.TestNG.runSuites(TestNG.java:1063)
at org.testng.TestNG.run(TestNG.java:1031)
at org.testng.remote.AbstractRemoteTestNG.run(AbstractRemoteTestNG.java:115)
at org.testng.remote.RemoteTestNG.initAndRun(RemoteTestNG.java:251)
at org.testng.remote.RemoteTestNG.main(RemoteTestNG.java:77)
]]>
            </full-stacktrace>
          </exception> <!-- java.lang.AssertionError -->
          <reporter-output>
          </reporter-output>
        </test-method> <!-- testAccountLockoutAfterFailedAttempts -->
        <test-method is-config="true" signature="tearDown()[pri:0, instance:tests.LoginTest@359f7cdf]" started-at="2024-10-14T14:07:03 CEST" name="tearDown" finished-at="2024-10-14T14:07:03 CEST" duration-ms="165" status="PASS">
          <reporter-output>
          </reporter-output>
        </test-method> <!-- tearDown -->
        <test-method is-config="true" signature="setUp(java.lang.String)[pri:0, instance:tests.LoginTest@359f7cdf]" started-at="2024-10-14T14:07:03 CEST" name="setUp" finished-at="2024-10-14T14:07:05 CEST" duration-ms="2122" status="PASS">
          <params>
            <param index="0">
              <value>
                <![CDATA[chrome]]>
              </value>
            </param>
          </params>
          <reporter-output>
          </reporter-output>
        </test-method> <!-- setUp -->
        <test-method signature="testEmptyEmailField()[pri:0, instance:tests.LoginTest@359f7cdf]" started-at="2024-10-14T14:07:05 CEST" name="testEmptyEmailField" finished-at="2024-10-14T14:07:07 CEST" duration-ms="1103" status="PASS">
          <reporter-output>
          </reporter-output>
        </test-method> <!-- testEmptyEmailField -->
        <test-method is-config="true" signature="tearDown()[pri:0, instance:tests.LoginTest@359f7cdf]" started-at="2024-10-14T14:07:07 CEST" name="tearDown" finished-at="2024-10-14T14:07:07 CEST" duration-ms="162" status="PASS">
          <reporter-output>
          </reporter-output>
        </test-method> <!-- tearDown -->
        <test-method is-config="true" signature="setUp(java.lang.String)[pri:0, instance:tests.LoginTest@359f7cdf]" started-at="2024-10-14T14:07:07 CEST" name="setUp" finished-at="2024-10-14T14:07:09 CEST" duration-ms="2192" status="PASS">
          <params>
            <param index="0">
              <value>
                <![CDATA[chrome]]>
              </value>
            </param>
          </params>
          <reporter-output>
          </reporter-output>
        </test-method> <!-- setUp -->
        <test-method signature="testEmptyFields()[pri:0, instance:tests.LoginTest@359f7cdf]" started-at="2024-10-14T14:07:09 CEST" name="testEmptyFields" finished-at="2024-10-14T14:07:10 CEST" duration-ms="963" status="PASS">
          <reporter-output>
          </reporter-output>
        </test-method> <!-- testEmptyFields -->
        <test-method is-config="true" signature="tearDown()[pri:0, instance:tests.LoginTest@359f7cdf]" started-at="2024-10-14T14:07:10 CEST" name="tearDown" finished-at="2024-10-14T14:07:10 CEST" duration-ms="155" status="PASS">
          <reporter-output>
          </reporter-output>
        </test-method> <!-- tearDown -->
        <test-method is-config="true" signature="setUp(java.lang.String)[pri:0, instance:tests.LoginTest@359f7cdf]" started-at="2024-10-14T14:07:10 CEST" name="setUp" finished-at="2024-10-14T14:07:12 CEST" duration-ms="2026" status="PASS">
          <params>
            <param index="0">
              <value>
                <![CDATA[chrome]]>
              </value>
            </param>
          </params>
          <reporter-output>
          </reporter-output>
        </test-method> <!-- setUp -->
        <test-method signature="testForgotPasswordLink()[pri:0, instance:tests.LoginTest@359f7cdf]" started-at="2024-10-14T14:07:12 CEST" name="testForgotPasswordLink" finished-at="2024-10-14T14:07:13 CEST" duration-ms="1025" status="PASS">
          <reporter-output>
          </reporter-output>
        </test-method> <!-- testForgotPasswordLink -->
        <test-method is-config="true" signature="tearDown()[pri:0, instance:tests.LoginTest@359f7cdf]" started-at="2024-10-14T14:07:13 CEST" name="tearDown" finished-at="2024-10-14T14:07:13 CEST" duration-ms="158" status="PASS">
          <reporter-output>
          </reporter-output>
        </test-method> <!-- tearDown -->
        <test-method is-config="true" signature="setUp(java.lang.String)[pri:0, instance:tests.LoginTest@359f7cdf]" started-at="2024-10-14T14:07:13 CEST" name="setUp" finished-at="2024-10-14T14:07:15 CEST" duration-ms="2146" status="PASS">
          <params>
            <param index="0">
              <value>
                <![CDATA[chrome]]>
              </value>
            </param>
          </params>
          <reporter-output>
          </reporter-output>
        </test-method> <!-- setUp -->
        <test-method signature="testInvalidEmailFormat()[pri:0, instance:tests.LoginTest@359f7cdf]" started-at="2024-10-14T14:07:15 CEST" name="testInvalidEmailFormat" finished-at="2024-10-14T14:07:17 CEST" duration-ms="1148" status="PASS">
          <reporter-output>
          </reporter-output>
        </test-method> <!-- testInvalidEmailFormat -->
        <test-method is-config="true" signature="tearDown()[pri:0, instance:tests.LoginTest@359f7cdf]" started-at="2024-10-14T14:07:17 CEST" name="tearDown" finished-at="2024-10-14T14:07:17 CEST" duration-ms="152" status="PASS">
          <reporter-output>
          </reporter-output>
        </test-method> <!-- tearDown -->
        <test-method is-config="true" signature="setUp(java.lang.String)[pri:0, instance:tests.LoginTest@359f7cdf]" started-at="2024-10-14T14:07:17 CEST" name="setUp" finished-at="2024-10-14T14:07:19 CEST" duration-ms="2054" status="PASS">
          <params>
            <param index="0">
              <value>
                <![CDATA[chrome]]>
              </value>
            </param>
          </params>
          <reporter-output>
          </reporter-output>
        </test-method> <!-- setUp -->
        <test-method signature="testInvalidEmailValidPassworld()[pri:0, instance:tests.LoginTest@359f7cdf]" started-at="2024-10-14T14:07:19 CEST" name="testInvalidEmailValidPassworld" finished-at="2024-10-14T14:07:20 CEST" duration-ms="1651" status="PASS">
          <reporter-output>
          </reporter-output>
        </test-method> <!-- testInvalidEmailValidPassworld -->
        <test-method is-config="true" signature="tearDown()[pri:0, instance:tests.LoginTest@359f7cdf]" started-at="2024-10-14T14:07:20 CEST" name="tearDown" finished-at="2024-10-14T14:07:21 CEST" duration-ms="152" status="PASS">
          <reporter-output>
          </reporter-output>
        </test-method> <!-- tearDown -->
        <test-method is-config="true" signature="setUp(java.lang.String)[pri:0, instance:tests.LoginTest@359f7cdf]" started-at="2024-10-14T14:07:21 CEST" name="setUp" finished-at="2024-10-14T14:07:23 CEST" duration-ms="2009" status="PASS">
          <params>
            <param index="0">
              <value>
                <![CDATA[chrome]]>
              </value>
            </param>
          </params>
          <reporter-output>
          </reporter-output>
        </test-method> <!-- setUp -->
        <test-method signature="testInvalidEmail_MissingAtSymbol()[pri:0, instance:tests.LoginTest@359f7cdf]" started-at="2024-10-14T14:07:23 CEST" name="testInvalidEmail_MissingAtSymbol" finished-at="2024-10-14T14:07:24 CEST" duration-ms="1122" status="PASS">
          <reporter-output>
          </reporter-output>
        </test-method> <!-- testInvalidEmail_MissingAtSymbol -->
        <test-method is-config="true" signature="tearDown()[pri:0, instance:tests.LoginTest@359f7cdf]" started-at="2024-10-14T14:07:24 CEST" name="tearDown" finished-at="2024-10-14T14:07:24 CEST" duration-ms="162" status="PASS">
          <reporter-output>
          </reporter-output>
        </test-method> <!-- tearDown -->
        <test-method is-config="true" signature="setUp(java.lang.String)[pri:0, instance:tests.LoginTest@359f7cdf]" started-at="2024-10-14T14:07:24 CEST" name="setUp" finished-at="2024-10-14T14:07:26 CEST" duration-ms="1984" status="PASS">
          <params>
            <param index="0">
              <value>
                <![CDATA[chrome]]>
              </value>
            </param>
          </params>
          <reporter-output>
          </reporter-output>
        </test-method> <!-- setUp -->
        <test-method signature="testInvalidLogin_MixedCredentials()[pri:0, instance:tests.LoginTest@359f7cdf]" started-at="2024-10-14T14:07:26 CEST" name="testInvalidLogin_MixedCredentials" finished-at="2024-10-14T14:07:28 CEST" duration-ms="1686" status="PASS">
          <reporter-output>
          </reporter-output>
        </test-method> <!-- testInvalidLogin_MixedCredentials -->
        <test-method is-config="true" signature="tearDown()[pri:0, instance:tests.LoginTest@359f7cdf]" started-at="2024-10-14T14:07:28 CEST" name="tearDown" finished-at="2024-10-14T14:07:28 CEST" duration-ms="122" status="PASS">
          <reporter-output>
          </reporter-output>
        </test-method> <!-- tearDown -->
        <test-method is-config="true" signature="setUp(java.lang.String)[pri:0, instance:tests.LoginTest@359f7cdf]" started-at="2024-10-14T14:07:28 CEST" name="setUp" finished-at="2024-10-14T14:07:30 CEST" duration-ms="1954" status="PASS">
          <params>
            <param index="0">
              <value>
                <![CDATA[chrome]]>
              </value>
            </param>
          </params>
          <reporter-output>
          </reporter-output>
        </test-method> <!-- setUp -->
        <test-method signature="testInvalidPassword()[pri:0, instance:tests.LoginTest@359f7cdf]" started-at="2024-10-14T14:07:30 CEST" name="testInvalidPassword" finished-at="2024-10-14T14:07:31 CEST" duration-ms="1673" status="PASS">
          <reporter-output>
          </reporter-output>
        </test-method> <!-- testInvalidPassword -->
        <test-method is-config="true" signature="tearDown()[pri:0, instance:tests.LoginTest@359f7cdf]" started-at="2024-10-14T14:07:31 CEST" name="tearDown" finished-at="2024-10-14T14:07:31 CEST" duration-ms="137" status="PASS">
          <reporter-output>
          </reporter-output>
        </test-method> <!-- tearDown -->
        <test-method is-config="true" signature="setUp(java.lang.String)[pri:0, instance:tests.LoginTest@359f7cdf]" started-at="2024-10-14T14:07:31 CEST" name="setUp" finished-at="2024-10-14T14:07:34 CEST" duration-ms="2066" status="PASS">
          <params>
            <param index="0">
              <value>
                <![CDATA[chrome]]>
              </value>
            </param>
          </params>
          <reporter-output>
          </reporter-output>
        </test-method> <!-- setUp -->
        <test-method signature="testMaxPasswordLength()[pri:0, instance:tests.LoginTest@359f7cdf]" started-at="2024-10-14T14:07:34 CEST" name="testMaxPasswordLength" finished-at="2024-10-14T14:07:36 CEST" duration-ms="2345" status="FAIL">
          <exception class="java.lang.AssertionError">
            <message>
              <![CDATA[expected [Password too long.] but found [Email ili lozinka nisu u redu.]]]>
            </message>
            <full-stacktrace>
              <![CDATA[java.lang.AssertionError: expected [Password too long.] but found [Email ili lozinka nisu u redu.]
at org.testng.Assert.fail(Assert.java:99)
at org.testng.Assert.failNotEquals(Assert.java:1037)
at org.testng.Assert.assertEqualsImpl(Assert.java:140)
at org.testng.Assert.assertEquals(Assert.java:122)
at org.testng.Assert.assertEquals(Assert.java:629)
at org.testng.Assert.assertEquals(Assert.java:639)
at tests.LoginTest.testMaxPasswordLength(LoginTest.java:205)
at java.base/jdk.internal.reflect.NativeMethodAccessorImpl.invoke0(Native Method)
at java.base/jdk.internal.reflect.NativeMethodAccessorImpl.invoke(NativeMethodAccessorImpl.java:77)
at java.base/jdk.internal.reflect.DelegatingMethodAccessorImpl.invoke(DelegatingMethodAccessorImpl.java:43)
at java.base/java.lang.reflect.Method.invoke(Method.java:568)
at org.testng.internal.MethodInvocationHelper.invokeMethod(MethodInvocationHelper.java:133)
at org.testng.internal.TestInvoker.invokeMethod(TestInvoker.java:598)
at org.testng.internal.TestInvoker.invokeTestMethod(TestInvoker.java:173)
at org.testng.internal.MethodRunner.runInSequence(MethodRunner.java:46)
at org.testng.internal.TestInvoker$MethodInvocationAgent.invoke(TestInvoker.java:824)
at org.testng.internal.TestInvoker.invokeTestMethods(TestInvoker.java:146)
at org.testng.internal.TestMethodWorker.invokeTestMethods(TestMethodWorker.java:146)
at org.testng.internal.TestMethodWorker.run(TestMethodWorker.java:128)
at java.base/java.util.ArrayList.forEach(ArrayList.java:1511)
at org.testng.TestRunner.privateRun(TestRunner.java:794)
at org.testng.TestRunner.run(TestRunner.java:596)
at org.testng.SuiteRunner.runTest(SuiteRunner.java:377)
at org.testng.SuiteRunner.runSequentially(SuiteRunner.java:371)
at org.testng.SuiteRunner.privateRun(SuiteRunner.java:332)
at org.testng.SuiteRunner.run(SuiteRunner.java:276)
at org.testng.SuiteRunnerWorker.runSuite(SuiteRunnerWorker.java:53)
at org.testng.SuiteRunnerWorker.run(SuiteRunnerWorker.java:96)
at org.testng.TestNG.runSuitesSequentially(TestNG.java:1212)
at org.testng.TestNG.runSuitesLocally(TestNG.java:1134)
at org.testng.TestNG.runSuites(TestNG.java:1063)
at org.testng.TestNG.run(TestNG.java:1031)
at org.testng.remote.AbstractRemoteTestNG.run(AbstractRemoteTestNG.java:115)
at org.testng.remote.RemoteTestNG.initAndRun(RemoteTestNG.java:251)
at org.testng.remote.RemoteTestNG.main(RemoteTestNG.java:77)
]]>
            </full-stacktrace>
          </exception> <!-- java.lang.AssertionError -->
          <reporter-output>
          </reporter-output>
        </test-method> <!-- testMaxPasswordLength -->
        <test-method is-config="true" signature="tearDown()[pri:0, instance:tests.LoginTest@359f7cdf]" started-at="2024-10-14T14:07:36 CEST" name="tearDown" finished-at="2024-10-14T14:07:36 CEST" duration-ms="125" status="PASS">
          <reporter-output>
          </reporter-output>
        </test-method> <!-- tearDown -->
        <test-method is-config="true" signature="setUp(java.lang.String)[pri:0, instance:tests.LoginTest@359f7cdf]" started-at="2024-10-14T14:07:36 CEST" name="setUp" finished-at="2024-10-14T14:07:38 CEST" duration-ms="1961" status="PASS">
          <params>
            <param index="0">
              <value>
                <![CDATA[chrome]]>
              </value>
            </param>
          </params>
          <reporter-output>
          </reporter-output>
        </test-method> <!-- setUp -->
        <test-method signature="testMinPasswordLength()[pri:0, instance:tests.LoginTest@359f7cdf]" started-at="2024-10-14T14:07:38 CEST" name="testMinPasswordLength" finished-at="2024-10-14T14:07:39 CEST" duration-ms="1098" status="PASS">
          <reporter-output>
          </reporter-output>
        </test-method> <!-- testMinPasswordLength -->
        <test-method is-config="true" signature="tearDown()[pri:0, instance:tests.LoginTest@359f7cdf]" started-at="2024-10-14T14:07:39 CEST" name="tearDown" finished-at="2024-10-14T14:07:39 CEST" duration-ms="145" status="PASS">
          <reporter-output>
          </reporter-output>
        </test-method> <!-- tearDown -->
        <test-method is-config="true" signature="setUp(java.lang.String)[pri:0, instance:tests.LoginTest@359f7cdf]" started-at="2024-10-14T14:07:39 CEST" name="setUp" finished-at="2024-10-14T14:07:41 CEST" duration-ms="1878" status="PASS">
          <params>
            <param index="0">
              <value>
                <![CDATA[chrome]]>
              </value>
            </param>
          </params>
          <reporter-output>
          </reporter-output>
        </test-method> <!-- setUp -->
        <test-method signature="testMobileResponsiveDesign()[pri:0, instance:tests.LoginTest@359f7cdf]" started-at="2024-10-14T14:07:41 CEST" name="testMobileResponsiveDesign" finished-at="2024-10-14T14:07:43 CEST" duration-ms="1524" status="PASS">
          <reporter-output>
          </reporter-output>
        </test-method> <!-- testMobileResponsiveDesign -->
        <test-method is-config="true" signature="tearDown()[pri:0, instance:tests.LoginTest@359f7cdf]" started-at="2024-10-14T14:07:43 CEST" name="tearDown" finished-at="2024-10-14T14:07:43 CEST" duration-ms="154" status="PASS">
          <reporter-output>
          </reporter-output>
        </test-method> <!-- tearDown -->
        <test-method is-config="true" signature="setUp(java.lang.String)[pri:0, instance:tests.LoginTest@359f7cdf]" started-at="2024-10-14T14:07:43 CEST" name="setUp" finished-at="2024-10-14T14:07:45 CEST" duration-ms="1968" status="PASS">
          <params>
            <param index="0">
              <value>
                <![CDATA[chrome]]>
              </value>
            </param>
          </params>
          <reporter-output>
          </reporter-output>
        </test-method> <!-- setUp -->
        <test-method signature="testPasswordBoundary_SevenCharacters()[pri:0, instance:tests.LoginTest@359f7cdf]" started-at="2024-10-14T14:07:45 CEST" name="testPasswordBoundary_SevenCharacters" finished-at="2024-10-14T14:07:46 CEST" duration-ms="1121" status="PASS">
          <reporter-output>
          </reporter-output>
        </test-method> <!-- testPasswordBoundary_SevenCharacters -->
        <test-method is-config="true" signature="tearDown()[pri:0, instance:tests.LoginTest@359f7cdf]" started-at="2024-10-14T14:07:46 CEST" name="tearDown" finished-at="2024-10-14T14:07:46 CEST" duration-ms="144" status="PASS">
          <reporter-output>
          </reporter-output>
        </test-method> <!-- tearDown -->
        <test-method is-config="true" signature="setUp(java.lang.String)[pri:0, instance:tests.LoginTest@359f7cdf]" started-at="2024-10-14T14:07:46 CEST" name="setUp" finished-at="2024-10-14T14:07:48 CEST" duration-ms="1931" status="PASS">
          <params>
            <param index="0">
              <value>
                <![CDATA[chrome]]>
              </value>
            </param>
          </params>
          <reporter-output>
          </reporter-output>
        </test-method> <!-- setUp -->
        <test-method signature="testSQLInjection()[pri:0, instance:tests.LoginTest@359f7cdf]" started-at="2024-10-14T14:07:48 CEST" name="testSQLInjection" finished-at="2024-10-14T14:07:49 CEST" duration-ms="1090" status="PASS">
          <reporter-output>
          </reporter-output>
        </test-method> <!-- testSQLInjection -->
        <test-method is-config="true" signature="tearDown()[pri:0, instance:tests.LoginTest@359f7cdf]" started-at="2024-10-14T14:07:49 CEST" name="tearDown" finished-at="2024-10-14T14:07:49 CEST" duration-ms="134" status="PASS">
          <reporter-output>
          </reporter-output>
        </test-method> <!-- tearDown -->
        <test-method is-config="true" signature="setUp(java.lang.String)[pri:0, instance:tests.LoginTest@359f7cdf]" started-at="2024-10-14T14:07:49 CEST" name="setUp" finished-at="2024-10-14T14:07:51 CEST" duration-ms="1877" status="PASS">
          <params>
            <param index="0">
              <value>
                <![CDATA[chrome]]>
              </value>
            </param>
          </params>
          <reporter-output>
          </reporter-output>
        </test-method> <!-- setUp -->
        <test-method signature="testSpecialCharactersInEmailAddress()[pri:0, instance:tests.LoginTest@359f7cdf]" started-at="2024-10-14T14:07:51 CEST" name="testSpecialCharactersInEmailAddress" finished-at="2024-10-14T14:07:52 CEST" duration-ms="1102" status="PASS">
          <reporter-output>
          </reporter-output>
        </test-method> <!-- testSpecialCharactersInEmailAddress -->
        <test-method is-config="true" signature="tearDown()[pri:0, instance:tests.LoginTest@359f7cdf]" started-at="2024-10-14T14:07:52 CEST" name="tearDown" finished-at="2024-10-14T14:07:52 CEST" duration-ms="142" status="PASS">
          <reporter-output>
          </reporter-output>
        </test-method> <!-- tearDown -->
        <test-method is-config="true" signature="setUp(java.lang.String)[pri:0, instance:tests.LoginTest@359f7cdf]" started-at="2024-10-14T14:07:52 CEST" name="setUp" finished-at="2024-10-14T14:07:54 CEST" duration-ms="1985" status="PASS">
          <params>
            <param index="0">
              <value>
                <![CDATA[chrome]]>
              </value>
            </param>
          </params>
          <reporter-output>
          </reporter-output>
        </test-method> <!-- setUp -->
        <test-method signature="testTabletResponsiveDesign()[pri:0, instance:tests.LoginTest@359f7cdf]" started-at="2024-10-14T14:07:54 CEST" name="testTabletResponsiveDesign" finished-at="2024-10-14T14:07:56 CEST" duration-ms="1440" status="PASS">
          <reporter-output>
          </reporter-output>
        </test-method> <!-- testTabletResponsiveDesign -->
        <test-method is-config="true" signature="tearDown()[pri:0, instance:tests.LoginTest@359f7cdf]" started-at="2024-10-14T14:07:56 CEST" name="tearDown" finished-at="2024-10-14T14:07:56 CEST" duration-ms="183" status="PASS">
          <reporter-output>
          </reporter-output>
        </test-method> <!-- tearDown -->
        <test-method is-config="true" signature="setUp(java.lang.String)[pri:0, instance:tests.LoginTest@359f7cdf]" started-at="2024-10-14T14:07:56 CEST" name="setUp" finished-at="2024-10-14T14:07:58 CEST" duration-ms="1956" status="PASS">
          <params>
            <param index="0">
              <value>
                <![CDATA[chrome]]>
              </value>
            </param>
          </params>
          <reporter-output>
          </reporter-output>
        </test-method> <!-- setUp -->
        <test-method signature="testValidLogin()[pri:0, instance:tests.LoginTest@359f7cdf]" started-at="2024-10-14T14:07:58 CEST" name="testValidLogin" finished-at="2024-10-14T14:08:00 CEST" duration-ms="1713" status="PASS">
          <reporter-output>
          </reporter-output>
        </test-method> <!-- testValidLogin -->
        <test-method is-config="true" signature="tearDown()[pri:0, instance:tests.LoginTest@359f7cdf]" started-at="2024-10-14T14:08:00 CEST" name="tearDown" finished-at="2024-10-14T14:08:00 CEST" duration-ms="127" status="PASS">
          <reporter-output>
          </reporter-output>
        </test-method> <!-- tearDown -->
        <test-method is-config="true" signature="setUp(java.lang.String)[pri:0, instance:tests.LoginTest@359f7cdf]" started-at="2024-10-14T14:08:00 CEST" name="setUp" finished-at="2024-10-14T14:08:02 CEST" duration-ms="2088" status="PASS">
          <params>
            <param index="0">
              <value>
                <![CDATA[chrome]]>
              </value>
            </param>
          </params>
          <reporter-output>
          </reporter-output>
        </test-method> <!-- setUp -->
        <test-method signature="testValidLoginTwoCharactersName()[pri:0, instance:tests.LoginTest@359f7cdf]" started-at="2024-10-14T14:08:02 CEST" name="testValidLoginTwoCharactersName" finished-at="2024-10-14T14:08:04 CEST" duration-ms="1794" status="PASS">
          <reporter-output>
          </reporter-output>
        </test-method> <!-- testValidLoginTwoCharactersName -->
        <test-method is-config="true" signature="tearDown()[pri:0, instance:tests.LoginTest@359f7cdf]" started-at="2024-10-14T14:08:04 CEST" name="tearDown" finished-at="2024-10-14T14:08:04 CEST" duration-ms="162" status="PASS">
          <reporter-output>
          </reporter-output>
        </test-method> <!-- tearDown -->
        <test-method is-config="true" signature="setUp(java.lang.String)[pri:0, instance:tests.LoginTest@359f7cdf]" started-at="2024-10-14T14:08:04 CEST" name="setUp" finished-at="2024-10-14T14:08:06 CEST" duration-ms="2060" status="PASS">
          <params>
            <param index="0">
              <value>
                <![CDATA[chrome]]>
              </value>
            </param>
          </params>
          <reporter-output>
          </reporter-output>
        </test-method> <!-- setUp -->
        <test-method signature="testXSSInUsername()[pri:0, instance:tests.LoginTest@359f7cdf]" started-at="2024-10-14T14:08:06 CEST" name="testXSSInUsername" finished-at="2024-10-14T14:08:07 CEST" duration-ms="1222" status="PASS">
          <reporter-output>
          </reporter-output>
        </test-method> <!-- testXSSInUsername -->
        <test-method is-config="true" signature="tearDown()[pri:0, instance:tests.LoginTest@359f7cdf]" started-at="2024-10-14T14:08:07 CEST" name="tearDown" finished-at="2024-10-14T14:08:07 CEST" duration-ms="161" status="PASS">
          <reporter-output>
          </reporter-output>
        </test-method> <!-- tearDown -->
      </class> <!-- tests.LoginTest -->
    </test> <!-- Default test -->
  </suite> <!-- Default suite -->
</testng-results>
