<?xml version="1.0" encoding="UTF-8"?>
<!-- Generated by org.testng.reporters.JUnitReportReporter -->
<testsuite hostname="DESKTOP-2SA0BMJ" failures="2" tests="19" name="tests.LoginTest" time="70.740" errors="0" timestamp="2024-10-14T14:08:08 CEST" skipped="0">
  <testcase classname="tests.LoginTest" name="testInvalidEmail_MissingAtSymbol" time="3.310"/>
  <system-out/>
  <testcase classname="tests.LoginTest" name="testSpecialCharactersInEmailAddress" time="3.241"/>
  <system-out/>
  <testcase classname="tests.LoginTest" name="testValidLoginTwoCharactersName" time="3.872"/>
  <system-out/>
  <testcase classname="tests.LoginTest" name="testEmptyEmailField" time="3.274"/>
  <system-out/>
  <testcase classname="tests.LoginTest" name="testSQLInjection" time="3.377"/>
  <system-out/>
  <testcase classname="tests.LoginTest" name="testForgotPasswordLink" time="3.192"/>
  <system-out/>
  <testcase classname="tests.LoginTest" name="testPasswordBoundary_SevenCharacters" time="3.370"/>
  <system-out/>
  <testcase classname="tests.LoginTest" name="testInvalidPassword" time="3.789"/>
  <system-out/>
  <testcase classname="tests.LoginTest" name="testAccountLockoutAfterFailedAttempts" time="4.912">
    <failure message="expected [Nalog je zaključan zbog više neuspešnih pokušaja.] but found [Email ili lozinka nisu u redu.]" type="java.lang.AssertionError">
      <![CDATA[java.lang.AssertionError: expected [Nalog je zaključan zbog više neuspešnih pokušaja.] but found [Email ili lozinka nisu u redu.]
at org.testng.Assert.fail(Assert.java:99)
at org.testng.Assert.failNotEquals(Assert.java:1037)
at org.testng.Assert.assertEqualsImpl(Assert.java:140)
at org.testng.Assert.assertEquals(Assert.java:122)
at org.testng.Assert.assertEquals(Assert.java:629)
at org.testng.Assert.assertEquals(Assert.java:639)
at tests.LoginTest.testAccountLockoutAfterFailedAttempts(LoginTest.java:256)
at java.base/jdk.internal.reflect.NativeMethodAccessorImpl.invoke0(Native Method)
at java.base/jdk.internal.reflect.NativeMethodAccessorImpl.invoke(NativeMethodAccessorImpl.java:77)
at java.base/jdk.internal.reflect.DelegatingMethodAccessorImpl.invoke(DelegatingMethodAccessorImpl.java:43)
at java.base/java.lang.reflect.Method.invoke(Method.java:568)
at org.testng.internal.MethodInvocationHelper.invokeMethod(MethodInvocationHelper.java:133)
at org.testng.internal.TestInvoker.invokeMethod(TestInvoker.java:598)
at org.testng.internal.TestInvoker.invokeTestMethod(TestInvoker.java:173)
at org.testng.internal.MethodRunner.runInSequence(MethodRunner.java:46)
at org.testng.internal.TestInvoker$MethodInvocationAgent.invoke(TestInvoker.java:824)
at org.testng.internal.TestInvoker.invokeTestMethods(TestInvoker.java:146)
at org.testng.internal.TestMethodWorker.invokeTestMethods(TestMethodWorker.java:146)
at org.testng.internal.TestMethodWorker.run(TestMethodWorker.java:128)
at java.base/java.util.ArrayList.forEach(ArrayList.java:1511)
at org.testng.TestRunner.privateRun(TestRunner.java:794)
at org.testng.TestRunner.run(TestRunner.java:596)
at org.testng.SuiteRunner.runTest(SuiteRunner.java:377)
at org.testng.SuiteRunner.runSequentially(SuiteRunner.java:371)
at org.testng.SuiteRunner.privateRun(SuiteRunner.java:332)
at org.testng.SuiteRunner.run(SuiteRunner.java:276)
at org.testng.SuiteRunnerWorker.runSuite(SuiteRunnerWorker.java:53)
at org.testng.SuiteRunnerWorker.run(SuiteRunnerWorker.java:96)
at org.testng.TestNG.runSuitesSequentially(TestNG.java:1212)
at org.testng.TestNG.runSuitesLocally(TestNG.java:1134)
at org.testng.TestNG.runSuites(TestNG.java:1063)
at org.testng.TestNG.run(TestNG.java:1031)
at org.testng.remote.AbstractRemoteTestNG.run(AbstractRemoteTestNG.java:115)
at org.testng.remote.RemoteTestNG.initAndRun(RemoteTestNG.java:251)
at org.testng.remote.RemoteTestNG.main(RemoteTestNG.java:77)
]]>
    </failure>
  </testcase> <!-- testAccountLockoutAfterFailedAttempts -->
  <system-out/>
  <testcase classname="tests.LoginTest" name="testMaxPasswordLength" time="4.643">
    <failure message="expected [Password too long.] but found [Email ili lozinka nisu u redu.]" type="java.lang.AssertionError">
      <![CDATA[java.lang.AssertionError: expected [Password too long.] but found [Email ili lozinka nisu u redu.]
at org.testng.Assert.fail(Assert.java:99)
at org.testng.Assert.failNotEquals(Assert.java:1037)
at org.testng.Assert.assertEqualsImpl(Assert.java:140)
at org.testng.Assert.assertEquals(Assert.java:122)
at org.testng.Assert.assertEquals(Assert.java:629)
at org.testng.Assert.assertEquals(Assert.java:639)
at tests.LoginTest.testMaxPasswordLength(LoginTest.java:205)
at java.base/jdk.internal.reflect.NativeMethodAccessorImpl.invoke0(Native Method)
at java.base/jdk.internal.reflect.NativeMethodAccessorImpl.invoke(NativeMethodAccessorImpl.java:77)
at java.base/jdk.internal.reflect.DelegatingMethodAccessorImpl.invoke(DelegatingMethodAccessorImpl.java:43)
at java.base/java.lang.reflect.Method.invoke(Method.java:568)
at org.testng.internal.MethodInvocationHelper.invokeMethod(MethodInvocationHelper.java:133)
at org.testng.internal.TestInvoker.invokeMethod(TestInvoker.java:598)
at org.testng.internal.TestInvoker.invokeTestMethod(TestInvoker.java:173)
at org.testng.internal.MethodRunner.runInSequence(MethodRunner.java:46)
at org.testng.internal.TestInvoker$MethodInvocationAgent.invoke(TestInvoker.java:824)
at org.testng.internal.TestInvoker.invokeTestMethods(TestInvoker.java:146)
at org.testng.internal.TestMethodWorker.invokeTestMethods(TestMethodWorker.java:146)
at org.testng.internal.TestMethodWorker.run(TestMethodWorker.java:128)
at java.base/java.util.ArrayList.forEach(ArrayList.java:1511)
at org.testng.TestRunner.privateRun(TestRunner.java:794)
at org.testng.TestRunner.run(TestRunner.java:596)
at org.testng.SuiteRunner.runTest(SuiteRunner.java:377)
at org.testng.SuiteRunner.runSequentially(SuiteRunner.java:371)
at org.testng.SuiteRunner.privateRun(SuiteRunner.java:332)
at org.testng.SuiteRunner.run(SuiteRunner.java:276)
at org.testng.SuiteRunnerWorker.runSuite(SuiteRunnerWorker.java:53)
at org.testng.SuiteRunnerWorker.run(SuiteRunnerWorker.java:96)
at org.testng.TestNG.runSuitesSequentially(TestNG.java:1212)
at org.testng.TestNG.runSuitesLocally(TestNG.java:1134)
at org.testng.TestNG.runSuites(TestNG.java:1063)
at org.testng.TestNG.run(TestNG.java:1031)
at org.testng.remote.AbstractRemoteTestNG.run(AbstractRemoteTestNG.java:115)
at org.testng.remote.RemoteTestNG.initAndRun(RemoteTestNG.java:251)
at org.testng.remote.RemoteTestNG.main(RemoteTestNG.java:77)
]]>
    </failure>
  </testcase> <!-- testMaxPasswordLength -->
  <system-out/>
  <testcase classname="tests.LoginTest" name="testInvalidEmailValidPassworld" time="3.873"/>
  <system-out/>
  <testcase classname="tests.LoginTest" name="testEmptyFields" time="3.099"/>
  <system-out/>
  <testcase classname="tests.LoginTest" name="testTabletResponsiveDesign" time="3.668"/>
  <system-out/>
  <testcase classname="tests.LoginTest" name="testValidLogin" time="4.049"/>
  <system-out/>
  <testcase classname="tests.LoginTest" name="testMobileResponsiveDesign" time="3.650"/>
  <system-out/>
  <testcase classname="tests.LoginTest" name="testInvalidLogin_MixedCredentials" time="3.716"/>
  <system-out/>
  <testcase classname="tests.LoginTest" name="testMinPasswordLength" time="3.184"/>
  <system-out/>
  <testcase classname="tests.LoginTest" name="testInvalidEmailFormat" time="5.226"/>
  <system-out/>
  <testcase classname="tests.LoginTest" name="testXSSInUsername" time="3.295"/>
  <system-out/>
</testsuite> <!-- tests.LoginTest -->
